[2026-04-15 15:00:00] 开始执行每日Cron报告...
📊 NBA数据抓取系统 - 每日执行报告
生成时间: 2026-04-15 15:00 (墨尔本时间)
============================================

🔧 昨日执行统计:
   📊 统计（基于标准日志格式）:
     • 脚本执行:        1 次
     • 成功任务:        1 次
     • 失败任务:        1 次
     • 错误记录:        3 条

🧠 深度学习学习内容:
   • 赔率模式: 主场优势+5-8%
   • 伤病影响: 核心球员缺阵降胜率15-25%
   • 关键指标: 净效率(nrtg)最强预测因子
   • 模型: XGBoost + 神经网络集成
   • 潜力准确率: 65-75%

⏰ 上次执行时间:
   • nba-injury.py: 未找到执行记录
   • nba-daily-odds.py: 未找到执行记录
   • nba-advanced-stats.py: 未找到执行记录

📁 数据文件状态:
   • nba_enriched_data.csv:     6149行 (839K,更新:)
   • nba-injury-latest.csv:      185行 (14K,更新:)
   • nba-advanced-stats.csv:       31行 (2.1K,更新:)

💚 系统健康状态:
   • Cron服务: ✅ 进程存在
   • Python环境: ✅ 正常
   • 磁盘使用: 21%

🎯 今日任务计划:
   • 08:00 - 本报告生成
   • 每小时 - 伤病数据抓取
   • 每小时 - 赔率抓取+同步
   • 全天 - 数据监控
   • 随时 - 预测模型优化

✅ 无近期错误记录

============================================
报告生成完成 | 保持监控 🐕
============================================
📤 发送报告到Discord...
使用OpenClaw CLI发送到Discord...
✅ 报告已成功发送到Discord
📋 报告内容已保存到: /tmp/nba_daily_report_20260415_150000.txt
[2026-04-15 15:00:00] ✅ 每日报告执行成功
