已输出: nba injury/nba-injury_2026-03-16.csv 共117行
已输出: nba-injury-latest.csv 共117行

--- 2026-03-17 02:00:05 ---
[UPDATE] CLE Craig Porter Jr.: Expected to be out until at least Mar 17 -> Game Time Decision
[UPDATE] CLE Jarrett Allen: Expected to be out until at least Mar 17 -> Game Time Decision
[UPDATE] CLE Sam Merrill: Expected to be out until at least Mar 17 -> Game Time Decision
[UPDATE] CLE Tyrese Proctor: Expected to be out until at least Mar 17 -> Game Time Decision
[NEW] DET | Isaiah Stewart | Expected to be out until at least Mar 20 (Calf)
[UPDATE] GSW Moses Moody: Expected to be out until at least Mar 16 -> Game Time Decision
[UPDATE] GSW Draymond Green: Expected to be out until at least Mar 16 -> Game Time Decision
[UPDATE] MIL Kevin Porter: Expected to be out until at least Mar 17 -> Game Time Decision
[UPDATE] MIL Cormac Ryan: Expected to be out until at least Mar 17 -> Game Time Decision
[UPDATE] OKC Jalen Williams: Expected to be out until at least Mar 17 -> Game Time Decision
[UPDATE] OKC Branden Carlson: Expected to be out until at least Mar 17 -> Game Time Decision
[UPDATE] PHI Jabari Walker: Expected to be out until at least Mar 17 -> Game Time Decision
[UPDATE] PHI Joel Embiid: Expected to be out until at least Mar 17 -> Game Time Decision
[NEW] POR | Robert Williams III | Game Time Decision (Knee)
[UPDATE] POR Chris Youngblood: Expected to be out until at least Mar 16 -> Game Time Decision
[UPDATE] SAC Isaiah Stevens: Expected to be out until at least Mar 17 -> Game Time Decision
[UPDATE] SAC Devin Carter: Expected to be out until at least Mar 17 -> Game Time Decision
[UPDATE] SAC Russell Westbrook: Expected to be out until at least Mar 17 -> Game Time Decision
[UPDATE] SAC Malik Monk: Expected to be out until at least Mar 17 -> Game Time Decision
[UPDATE] TOR Collin Murray-Boyles: Expected to be out until at least Mar 18 -> Game Time Decision
[UPDATE] TOR Chucky Hepburn: Expected to be out until at least Mar 18 -> Game Time Decision
[UPDATE] UTA John Konchar: Expected to be out until at least Mar 18 -> Game Time Decision
[UPDATE] UTA Ace Bailey: Expected to be out until at least Mar 18 -> Game Time Decision
[UPDATE] UTA Kyle Filipowski: Expected to be out until at least Mar 18 -> Game Time Decision
[CLEARED] PHI Paul George is off the report
[UPDATE] CLE Craig Porter Jr.: Expected to be out until at least Mar 17 -> Game Time Decision
[UPDATE] CLE Jarrett Allen: Expected to be out until at least Mar 17 -> Game Time Decision
[UPDATE] CLE Sam Merrill: Expected to be out until at least Mar 17 -> Game Time Decision
[UPDATE] CLE Tyrese Proctor: Expected to be out until at least Mar 17 -> Game Time Decision
[NEW] DET | Isaiah Stewart | Expected to be out until at least Mar 20 (Calf)
[UPDATE] GSW Moses Moody: Expected to be out until at least Mar 16 -> Game Time Decision
[UPDATE] GSW Draymond Green: Expected to be out until at least Mar 16 -> Game Time Decision
[UPDATE] MIL Kevin Porter: Expected to be out until at least Mar 17 -> Game Time Decision
[UPDATE] MIL Cormac Ryan: Expected to be out until at least Mar 17 -> Game Time Decision
[UPDATE] OKC Jalen Williams: Expected to be out until at least Mar 17 -> Game Time Decision
[UPDATE] OKC Branden Carlson: Expected to be out until at least Mar 17 -> Game Time Decision
[UPDATE] PHI Jabari Walker: Expected to be out until at least Mar 17 -> Game Time Decision
[UPDATE] PHI Joel Embiid: Expected to be out until at least Mar 17 -> Game Time Decision
[NEW] POR | Robert Williams III | Game Time Decision (Knee)
[UPDATE] POR Chris Youngblood: Expected to be out until at least Mar 16 -> Game Time Decision
[UPDATE] SAC Isaiah Stevens: Expected to be out until at least Mar 17 -> Game Time Decision
[UPDATE] SAC Devin Carter: Expected to be out until at least Mar 17 -> Game Time Decision
[UPDATE] SAC Russell Westbrook: Expected to be out until at least Mar 17 -> Game Time Decision
[UPDATE] SAC Malik Monk: Expected to be out until at least Mar 17 -> Game Time Decision
[UPDATE] TOR Collin Murray-Boyles: Expected to be out until at least Mar 18 -> Game Time Decision
[UPDATE] TOR Chucky Hepburn: Expected to be out until at least Mar 18 -> Game Time Decision
[UPDATE] UTA John Konchar: Expected to be out until at least Mar 18 -> Game Time Decision
[UPDATE] UTA Ace Bailey: Expected to be out until at least Mar 18 -> Game Time Decision
[UPDATE] UTA Kyle Filipowski: Expected to be out until at least Mar 18 -> Game Time Decision
[CLEARED] PHI Paul George is off the report
已输出: nba injury/nba-injury_2026-03-16.csv 共116行
已输出: nba-injury-latest.csv 共116行

--- 2026-03-17 04:00:06 ---
[NEW] DET | Wendell Moore Jr. | Game Time Decision (Knee)
[CLEARED] SAC Isaiah Stevens is off the report
[CLEARED] SAS Emanuel Miller is off the report
[NEW] DET | Wendell Moore Jr. | Game Time Decision (Knee)
[CLEARED] SAC Isaiah Stevens is off the report
[CLEARED] SAS Emanuel Miller is off the report
已输出: nba injury/nba-injury_2026-03-16.csv 共119行
已输出: nba-injury-latest.csv 共119行

--- 2026-03-17 06:00:05 ---
[UPDATE] CHI Isaac Okoro: Game Time Decision -> Expected to be out until at least Mar 18
[NEW] CHI | Nick Richards | Game Time Decision (Back)
[NEW] CHI | Lachlan Olbrich | Game Time Decision (Calf)
[NEW] DAL | Caleb Martin | Game Time Decision (Foot)
[UPDATE] GSW Moses Moody: Game Time Decision -> Expected to be out until at least Mar 18
[NEW] GSW | L.J. Cryer | Game Time Decision (Hamstring)
[NEW] GSW | Quinten Post | Game Time Decision (Foot)
[NEW] POR | Vit Krejci | Game Time Decision (Calf)
[CLEARED] BKN Ben Saraf is off the report
[CLEARED] GSW De'Anthony Melton is off the report
[CLEARED] GSW Kristaps Porzingis is off the report
[UPDATE] CHI Isaac Okoro: Game Time Decision -> Expected to be out until at least Mar 18
[NEW] CHI | Nick Richards | Game Time Decision (Back)
[NEW] CHI | Lachlan Olbrich | Game Time Decision (Calf)
[NEW] DAL | Caleb Martin | Game Time Decision (Foot)
[UPDATE] GSW Moses Moody: Game Time Decision -> Expected to be out until at least Mar 18
[NEW] GSW | L.J. Cryer | Game Time Decision (Hamstring)
[NEW] GSW | Quinten Post | Game Time Decision (Foot)
[NEW] POR | Vit Krejci | Game Time Decision (Calf)
[CLEARED] BKN Ben Saraf is off the report
[CLEARED] GSW De'Anthony Melton is off the report
[CLEARED] GSW Kristaps Porzingis is off the report
已输出: nba injury/nba-injury_2026-03-16.csv 共119行
已输出: nba-injury-latest.csv 共119行

--- 2026-03-17 08:00:05 ---
[UPDATE] CHI Jaden Ivey: Expected to be out until at least Mar 18 -> Expected to be out until at least Mar 23
[UPDATE] CHI Anfernee Simons: Expected to be out until at least Mar 18 -> Expected to be out until at least Mar 27
[NEW] PHI | Paul George | Expected to be out until at least Mar 25 (Suspension)
[CLEARED] DET Isaiah Stewart is off the report
[UPDATE] CHI Jaden Ivey: Expected to be out until at least Mar 18 -> Expected to be out until at least Mar 23
[UPDATE] CHI Anfernee Simons: Expected to be out until at least Mar 18 -> Expected to be out until at least Mar 27
[NEW] PHI | Paul George | Expected to be out until at least Mar 25 (Suspension)
[CLEARED] DET Isaiah Stewart is off the report
已输出: nba injury/nba-injury_2026-03-16.csv 共124行
已输出: nba-injury-latest.csv 共124行

--- 2026-03-17 10:00:06 ---
[UPDATE] CHA Tidjane Salaun: Game Time Decision -> Expected to be out until at least Mar 19
[NEW] DET | Isaiah Stewart | Expected to be out until at least Mar 20 (Calf)
[UPDATE] GSW L.J. Cryer: Game Time Decision -> Expected to be out until at least Mar 18
[UPDATE] GSW Quinten Post: Game Time Decision -> Expected to be out until at least Mar 18
[NEW] IND | Ivica Zubac | Game Time Decision (Ankle)
[NEW] IND | Quenton Jackson | Game Time Decision (Calf)
[NEW] IND | Aaron Nesmith | Game Time Decision (Ankle)
[NEW] IND | T.J. McConnell | Game Time Decision (Hamstring)
[UPDATE] LAC Kawhi Leonard: Game Time Decision -> Expected to be out until at least Mar 18
[NEW] MIA | Pelle Larsson | Game Time Decision (Elbow)
[UPDATE] MIA Andrew Wiggins: Game Time Decision -> Expected to be out until at least Mar 19
[NEW] MIL | Myles Turner | Game Time Decision (Calf)
[NEW] MIL | Giannis Antetokounmpo | Game Time Decision (Ankle)
[NEW] NYK | Jalen Brunson | Game Time Decision (Ankle)
[UPDATE] OKC Branden Carlson: Game Time Decision -> Expected to be out until at least Mar 18
[UPDATE] OKC Jalen Williams: Game Time Decision -> Expected to be out until at least Mar 18
[UPDATE] POR Chris Youngblood: Game Time Decision -> Expected to be out until at least Mar 18
[CLEARED] ATL Jonathan Kuminga is off the report
[CLEARED] MIL Kevin Porter is off the report
[CLEARED] ORL Jett Howard is off the report
[CLEARED] PHI Paul George is off the report
[UPDATE] CHA Tidjane Salaun: Game Time Decision -> Expected to be out until at least Mar 19
[NEW] DET | Isaiah Stewart | Expected to be out until at least Mar 20 (Calf)
[UPDATE] GSW L.J. Cryer: Game Time Decision -> Expected to be out until at least Mar 18
[UPDATE] GSW Quinten Post: Game Time Decision -> Expected to be out until at least Mar 18
[NEW] IND | Ivica Zubac | Game Time Decision (Ankle)
[NEW] IND | Quenton Jackson | Game Time Decision (Calf)
[NEW] IND | Aaron Nesmith | Game Time Decision (Ankle)
[NEW] IND | T.J. McConnell | Game Time Decision (Hamstring)
[UPDATE] LAC Kawhi Leonard: Game Time Decision -> Expected to be out until at least Mar 18
[NEW] MIA | Pelle Larsson | Game Time Decision (Elbow)
[UPDATE] MIA Andrew Wiggins: Game Time Decision -> Expected to be out until at least Mar 19
[NEW] MIL | Myles Turner | Game Time Decision (Calf)
[NEW] MIL | Giannis Antetokounmpo | Game Time Decision (Ankle)
[NEW] NYK | Jalen Brunson | Game Time Decision (Ankle)
[UPDATE] OKC Branden Carlson: Game Time Decision -> Expected to be out until at least Mar 18
[UPDATE] OKC Jalen Williams: Game Time Decision -> Expected to be out until at least Mar 18
[UPDATE] POR Chris Youngblood: Game Time Decision -> Expected to be out until at least Mar 18
[CLEARED] ATL Jonathan Kuminga is off the report
[CLEARED] MIL Kevin Porter is off the report
[CLEARED] ORL Jett Howard is off the report
[CLEARED] PHI Paul George is off the report
已输出: nba injury/nba-injury_2026-03-16.csv 共123行
已输出: nba-injury-latest.csv 共123行

--- 2026-03-17 12:00:05 ---
[UPDATE] CHI Collin Sexton: Game Time Decision -> Expected to be out until at least Mar 18
[UPDATE] CLE Jarrett Allen: Game Time Decision -> Expected to be out until at least Mar 24
[UPDATE] CLE Craig Porter Jr.: Game Time Decision -> Expected to be out until at least Mar 24
[UPDATE] CLE Tyrese Proctor: Game Time Decision -> Expected to be out until at least Mar 24
[UPDATE] DAL Daniel Gafford: Game Time Decision -> Expected to be out until at least Mar 18
[UPDATE] DAL Klay Thompson: Game Time Decision -> Expected to be out until at least Mar 18
[UPDATE] DAL Caleb Martin: Game Time Decision -> Expected to be out until at least Mar 18
[UPDATE] DEN Peyton Watson: Game Time Decision -> Expected to be out until at least Mar 18
[UPDATE] HOU Alperen Sengun: Game Time Decision -> Expected to be out until at least Mar 18
[UPDATE] IND Micah Potter: Game Time Decision -> Game Time Decision
[NEW] IND | Obi Toppin | Game Time Decision (Foot)
[UPDATE] MEM Ty Jerome: Game Time Decision -> Expected to be out until at least Mar 18
[UPDATE] MEM Gregory Jackson: Game Time Decision -> Expected to be out until at least Mar 18
[NEW] MIA | Bam Adebayo | Game Time Decision (Calf)
[NEW] MIN | Naz Reid | Game Time Decision (Shoulder)
[NEW] MIN | Anthony Edwards | Expected to be out until at least Mar 18 (Knee)
[UPDATE] NOP Dejounte Murray: Game Time Decision -> Expected to be out until at least Mar 18
[UPDATE] PHI Jabari Walker: Game Time Decision -> Expected to be out until at least Mar 19
[UPDATE] PHI Joel Embiid: Game Time Decision -> Expected to be out until at least Mar 19
[UPDATE] POR Robert Williams III: Game Time Decision -> Expected to be out until at least Mar 18
[UPDATE] POR Vit Krejci: Game Time Decision -> Expected to be out until at least Mar 18
[UPDATE] SAC Devin Carter: Game Time Decision -> Expected to be out until at least Mar 19
[CLEARED] CHI Nick Richards is off the report
[CLEARED] CHI Lachlan Olbrich is off the report
[CLEARED] GSW Draymond Green is off the report
[CLEARED] MEM Walter Clayton Jr. is off the report
[CLEARED] SAC Russell Westbrook is off the report
[UPDATE] CHI Collin Sexton: Game Time Decision -> Expected to be out until at least Mar 18
[UPDATE] CLE Jarrett Allen: Game Time Decision -> Expected to be out until at least Mar 24
[UPDATE] CLE Craig Porter Jr.: Game Time Decision -> Expected to be out until at least Mar 24
[UPDATE] CLE Tyrese Proctor: Game Time Decision -> Expected to be out until at least Mar 24
[UPDATE] DAL Daniel Gafford: Game Time Decision -> Expected to be out until at least Mar 18
[UPDATE] DAL Klay Thompson: Game Time Decision -> Expected to be out until at least Mar 18
[UPDATE] DAL Caleb Martin: Game Time Decision -> Expected to be out until at least Mar 18
[UPDATE] DEN Peyton Watson: Game Time Decision -> Expected to be out until at least Mar 18
[UPDATE] HOU Alperen Sengun: Game Time Decision -> Expected to be out until at least Mar 18
[UPDATE] IND Micah Potter: Game Time Decision -> Game Time Decision
[NEW] IND | Obi Toppin | Game Time Decision (Foot)
[UPDATE] MEM Ty Jerome: Game Time Decision -> Expected to be out until at least Mar 18
[UPDATE] MEM Gregory Jackson: Game Time Decision -> Expected to be out until at least Mar 18
[NEW] MIA | Bam Adebayo | Game Time Decision (Calf)
[NEW] MIN | Naz Reid | Game Time Decision (Shoulder)
[NEW] MIN | Anthony Edwards | Expected to be out until at least Mar 18 (Knee)
[UPDATE] NOP Dejounte Murray: Game Time Decision -> Expected to be out until at least Mar 18
[UPDATE] PHI Jabari Walker: Game Time Decision -> Expected to be out until at least Mar 19
[UPDATE] PHI Joel Embiid: Game Time Decision -> Expected to be out until at least Mar 19
[UPDATE] POR Robert Williams III: Game Time Decision -> Expected to be out until at least Mar 18
[UPDATE] POR Vit Krejci: Game Time Decision -> Expected to be out until at least Mar 18
[UPDATE] SAC Devin Carter: Game Time Decision -> Expected to be out until at least Mar 19
[CLEARED] CHI Nick Richards is off the report
[CLEARED] CHI Lachlan Olbrich is off the report
[CLEARED] GSW Draymond Green is off the report
[CLEARED] MEM Walter Clayton Jr. is off the report
[CLEARED] SAC Russell Westbrook is off the report
已输出: nba injury/nba-injury_2026-03-16.csv 共125行
已输出: nba-injury-latest.csv 共125行

--- 2026-03-17 14:00:05 ---
[NEW] DAL | Brandon Williams | Game Time Decision (Head)
[NEW] WAS | Trae Young | Game Time Decision (Quadriceps)
[NEW] DAL | Brandon Williams | Game Time Decision (Head)
[NEW] WAS | Trae Young | Game Time Decision (Quadriceps)
已输出: nba injury/nba-injury_2026-03-17.csv 共125行
已输出: nba-injury-latest.csv 共125行
已删除旧文件: 1个

--- 2026-03-17 16:00:06 ---
[UPDATE] BKN Terance Mann: Expected to be out until at least Mar 18 -> Game Time Decision
[UPDATE] BKN Terance Mann: Expected to be out until at least Mar 18 -> Game Time Decision
已输出: nba injury/nba-injury_2026-03-17.csv 共124行
已输出: nba-injury-latest.csv 共124行

--- 2026-03-17 18:00:05 ---
[NEW] PHI | Paul George | Expected to be out until at least Mar 25 (Suspension)
[CLEARED] CHA Liam McNeeley is off the report
[CLEARED] DET Isaiah Stewart is off the report
[NEW] PHI | Paul George | Expected to be out until at least Mar 25 (Suspension)
[CLEARED] CHA Liam McNeeley is off the report
[CLEARED] DET Isaiah Stewart is off the report
已输出: nba injury/nba-injury_2026-03-17.csv 共124行
已输出: nba-injury-latest.csv 共124行

--- 2026-03-17 20:00:05 ---
[UPDATE] BKN Noah Clowney: Expected to be out until at least Mar 18 -> Game Time Decision
[UPDATE] CHI Collin Sexton: Expected to be out until at least Mar 18 -> Game Time Decision
[UPDATE] NOP Bryce McGowens: Expected to be out until at least Mar 18 -> Game Time Decision
[UPDATE] ORL Anthony Black: Expected to be out until at least Mar 17 -> Game Time Decision
[UPDATE] SAS Dylan Harper: Expected to be out until at least Mar 17 -> Game Time Decision
[UPDATE] WAS Alex Sarr: Expected to be out until at least Mar 17 -> Game Time Decision
[UPDATE] BKN Noah Clowney: Expected to be out until at least Mar 18 -> Game Time Decision
[UPDATE] CHI Collin Sexton: Expected to be out until at least Mar 18 -> Game Time Decision
[UPDATE] NOP Bryce McGowens: Expected to be out until at least Mar 18 -> Game Time Decision
[UPDATE] ORL Anthony Black: Expected to be out until at least Mar 17 -> Game Time Decision
[UPDATE] SAS Dylan Harper: Expected to be out until at least Mar 17 -> Game Time Decision
[UPDATE] WAS Alex Sarr: Expected to be out until at least Mar 17 -> Game Time Decision
已输出: nba injury/nba-injury_2026-03-17.csv 共124行
已输出: nba-injury-latest.csv 共124行
[2026-03-17 22:00:05] No injury changes detected.
已输出: nba injury/nba-injury_2026-03-17.csv 共124行
已输出: nba-injury-latest.csv 共124行
[2026-03-18 00:00:08] No injury changes detected.
已输出: nba injury/nba-injury_2026-03-17.csv 共122行
已输出: nba-injury-latest.csv 共122行

--- 2026-03-18 02:00:06 ---
[UPDATE] DAL Klay Thompson: Expected to be out until at least Mar 18 -> Game Time Decision
[UPDATE] DAL Daniel Gafford: Expected to be out until at least Mar 18 -> Game Time Decision
[UPDATE] DAL Caleb Martin: Expected to be out until at least Mar 18 -> Game Time Decision
[NEW] DET | Isaiah Stewart | Expected to be out until at least Mar 20 (Calf)
[UPDATE] ORL Franz Wagner: Expected to be out until at least Mar 23 -> Expected to be out until at least Mar 19
[UPDATE] WAS Leaky Black: Expected to be out until at least Mar 17 -> Game Time Decision
[CLEARED] MIL Cormac Ryan is off the report
[CLEARED] MIL Alex Antetokounmpo is off the report
[CLEARED] PHI Paul George is off the report
[2026-03-18 02:00:06] Posted 9 changes to Memos.
已输出: nba injury/nba-injury_2026-03-17.csv 共123行
已输出: nba-injury-latest.csv 共123行

--- 2026-03-18 04:00:05 ---
[UPDATE] BKN Michael Porter Jr.: Expected to be out until at least Mar 18 -> Game Time Decision
[UPDATE] CHI Isaac Okoro: Expected to be out until at least Mar 18 -> Game Time Decision
[UPDATE] DET Isaiah Stewart: Expected to be out until at least Mar 20 -> Expected to be out until at least Mar 28
[UPDATE] GSW Moses Moody: Expected to be out until at least Mar 18 -> Game Time Decision
[UPDATE] GSW L.J. Cryer: Expected to be out until at least Mar 18 -> Game Time Decision
[UPDATE] GSW Quinten Post: Expected to be out until at least Mar 18 -> Game Time Decision
[UPDATE] HOU Alperen Sengun: Expected to be out until at least Mar 18 -> Game Time Decision
[UPDATE] LAC Kawhi Leonard: Expected to be out until at least Mar 18 -> Game Time Decision
[UPDATE] MEM Brandon Clarke: Expected to be out until at least Mar 18 -> Game Time Decision
[UPDATE] MEM Ty Jerome: Expected to be out until at least Mar 18 -> Game Time Decision
[UPDATE] MEM Gregory Jackson: Expected to be out until at least Mar 18 -> Game Time Decision
[UPDATE] NOP Dejounte Murray: Expected to be out until at least Mar 18 -> Game Time Decision
[NEW] NYK | Mitchell Robinson | Game Time Decision (Back)
[UPDATE] POR Robert Williams III: Expected to be out until at least Mar 18 -> Game Time Decision
[UPDATE] POR Chris Youngblood: Expected to be out until at least Mar 18 -> Game Time Decision
[UPDATE] POR Vit Krejci: Expected to be out until at least Mar 18 -> Game Time Decision
[UPDATE] SAS Luke Kornet: Expected to be out until at least Mar 17 -> Game Time Decision
[2026-03-18 04:00:05] Posted 17 changes to Memos.
已输出: nba injury/nba-injury_2026-03-17.csv 共122行
已输出: nba-injury-latest.csv 共122行

--- 2026-03-18 06:00:05 ---
[NEW] MIL | Ryan Rollins | Game Time Decision (Illness)
[UPDATE] ORL Anthony Black: Game Time Decision -> Expected to be out until at least Mar 19
[UPDATE] WAS Leaky Black: Game Time Decision -> Expected to be out until at least Mar 19
[UPDATE] WAS Trae Young: Game Time Decision -> Expected to be out until at least Mar 19
[NEW] WAS | Bilal Coulibaly | Expected to be out until at least Mar 19 (Heel)
[UPDATE] WAS Alex Sarr: Game Time Decision -> Expected to be out until at least Mar 19
[CLEARED] MIA Pelle Larsson is off the report
[CLEARED] MIA Nikola Jovic is off the report
[CLEARED] MIN Naz Reid is off the report
[2026-03-18 06:00:05] Posted 9 changes to Memos.
已输出: nba injury/nba-injury_2026-03-17.csv 共122行
已输出: nba-injury-latest.csv 共122行

--- 2026-03-18 08:00:05 ---
[UPDATE] MIN Anthony Edwards: Expected to be out until at least Mar 18 -> Expected to be out until at least Mar 25
[NEW] PHX | Grayson Allen | Game Time Decision (Knee)
[NEW] SAS | Devin Vassell | Expected to be out until at least Mar 19 (Ankle)
[UPDATE] WAS Alex Sarr: Expected to be out until at least Mar 19 -> Expected to be out until at least Mar 19
[CLEARED] HOU Alperen Sengun is off the report
[CLEARED] PHI Dalen Terry is off the report
[2026-03-18 08:00:05] Posted 6 changes to Memos.
已输出: nba injury/nba-injury_2026-03-17.csv 共123行
已输出: nba-injury-latest.csv 共123行

--- 2026-03-18 10:00:05 ---
[NEW] BKN | Nolan Traore | Game Time Decision (Eye)
[NEW] BKN | Ben Saraf | Game Time Decision (Foot)
[NEW] GSW | Gary Payton II | Game Time Decision (Lower Leg)
[UPDATE] GSW Moses Moody: Game Time Decision -> Expected to be out until at least Mar 20
[NEW] LAC | Bennedict Mathurin | Expected to be out until at least Mar 19 (Toe)
[UPDATE] MIA Bam Adebayo: Game Time Decision -> Expected to be out until at least Mar 19
[UPDATE] MIL Giannis Antetokounmpo: Game Time Decision -> Expected to be out until at least Mar 19
[UPDATE] NOP Bryce McGowens: Game Time Decision -> Expected to be out until at least Mar 19
[UPDATE] NYK Jalen Brunson: Game Time Decision -> Expected to be out until at least Mar 20
[CLEARED] BKN Noah Clowney is off the report
[CLEARED] NYK Mitchell Robinson is off the report
[CLEARED] UTA Isaiah Collier is off the report
[2026-03-18 10:00:05] Posted 12 changes to Memos.
已输出: nba injury/nba-injury_2026-03-17.csv 共113行
已输出: nba-injury-latest.csv 共113行

--- 2026-03-18 12:00:04 ---
[NEW] DET | Cade Cunningham | Game Time Decision (Back)
[UPDATE] MIL Giannis Antetokounmpo: Expected to be out until at least Mar 25 -> Expected to be out until at least Mar 28
[2026-03-18 12:00:04] Posted 2 changes to Memos.
已输出: nba injury/nba-injury_2026-03-17.csv 共112行
已输出: nba-injury-latest.csv 共112行

--- 2026-03-18 14:00:05 ---
[UPDATE] CHA Tidjane Salaun: Expected to be out until at least Mar 19 -> Game Time Decision
[NEW] CHA | Moussa Diabate | Game Time Decision (Hand)
[UPDATE] IND Micah Potter: Expected to be out until at least Mar 18 -> Game Time Decision
[UPDATE] IND Andrew Nembhard: Expected to be out until at least Mar 18 -> Game Time Decision
[UPDATE] IND Pascal Siakam: Expected to be out until at least Mar 18 -> Game Time Decision
[UPDATE] MIA Bam Adebayo: Expected to be out until at least Mar 19 -> Game Time Decision
[UPDATE] MIA Andrew Wiggins: Expected to be out until at least Mar 19 -> Game Time Decision
[UPDATE] NYK Jalen Brunson: Expected to be out until at least Mar 20 -> Game Time Decision
[UPDATE] OKC Branden Carlson: Expected to be out until at least Mar 18 -> Game Time Decision
[UPDATE] OKC Jalen Williams: Expected to be out until at least Mar 18 -> Game Time Decision
[UPDATE] ORL Jonathan Isaac: Expected to be out until at least Mar 19 -> Game Time Decision
[UPDATE] ORL Franz Wagner: Expected to be out until at least Mar 19 -> Game Time Decision
[UPDATE] ORL Anthony Black: Expected to be out until at least Mar 19 -> Game Time Decision
[UPDATE] SAC Malik Monk: Game Time Decision -> Expected to be out until at least Mar 19
[UPDATE] WAS Leaky Black: Expected to be out until at least Mar 19 -> Game Time Decision
[UPDATE] WAS Trae Young: Expected to be out until at least Mar 19 -> Game Time Decision
[UPDATE] WAS Alex Sarr: Expected to be out until at least Mar 19 -> Game Time Decision
[UPDATE] WAS Bilal Coulibaly: Expected to be out until at least Mar 19 -> Game Time Decision
[CLEARED] SAS Luke Kornet is off the report
[CLEARED] SAS Dylan Harper is off the report
[2026-03-18 14:00:05] Posted 20 changes to Memos.
已输出: nba injury/nba-injury_2026-03-18.csv 共111行
已输出: nba-injury-latest.csv 共111行
已删除旧文件: 1个

--- 2026-03-18 16:00:05 ---
[UPDATE] MIL Myles Turner: Expected to be out until at least Mar 19 -> Game Time Decision
[UPDATE] PHX Grayson Allen: Expected to be out until at least Mar 19 -> Game Time Decision
[CLEARED] DET Isaiah Stewart is off the report
[2026-03-18 16:00:05] Posted 3 changes to Memos.
已输出: nba injury/nba-injury_2026-03-18.csv 共113行
已输出: nba-injury-latest.csv 共113行

--- 2026-03-18 18:00:05 ---
[NEW] DET | Isaiah Stewart | Expected to be out until at least Mar 28 (Calf)
[NEW] SAC | Daeqwon Plowden | Game Time Decision (Lower Body)
[2026-03-18 18:00:05] Posted 2 changes to Memos.
已输出: nba injury/nba-injury_2026-03-18.csv 共113行
已输出: nba-injury-latest.csv 共113行
[2026-03-18 20:00:08] No injury changes detected.
已输出: nba injury/nba-injury_2026-03-18.csv 共113行
已输出: nba-injury-latest.csv 共113行
[2026-03-18 22:00:06] No injury changes detected.
已输出: nba injury/nba-injury_2026-03-18.csv 共114行
已输出: nba-injury-latest.csv 共114行

--- 2026-03-19 00:00:11 ---
[NEW] PHI | Paul George | Expected to be out until at least Mar 25 (Suspension)
[2026-03-19 00:00:11] Posted 1 changes to Memos.
已输出: nba injury/nba-injury_2026-03-18.csv 共114行
已输出: nba-injury-latest.csv 共114行

--- 2026-03-19 02:00:05 ---
[UPDATE] DEN Peyton Watson: Expected to be out until at least Mar 18 -> Game Time Decision
[UPDATE] PHI Joel Embiid: Expected to be out until at least Mar 19 -> Game Time Decision
[UPDATE] PHI Jabari Walker: Expected to be out until at least Mar 19 -> Game Time Decision
[UPDATE] SAC Malik Monk: Expected to be out until at least Mar 19 -> Game Time Decision
[UPDATE] SAC Devin Carter: Expected to be out until at least Mar 19 -> Game Time Decision
[UPDATE] SAS Devin Vassell: Expected to be out until at least Mar 19 -> Game Time Decision
[2026-03-19 02:00:05] Posted 6 changes to Memos.
已输出: nba injury/nba-injury_2026-03-18.csv 共115行
已输出: nba-injury-latest.csv 共115行

--- 2026-03-19 04:00:05 ---
[NEW] CLE | Olivier Sarr | Game Time Decision (Calf)
[2026-03-19 04:00:05] Posted 1 changes to Memos.
已输出: nba injury/nba-injury_2026-03-18.csv 共124行
已输出: nba-injury-latest.csv 共124行

--- 2026-03-19 06:00:05 ---
[UPDATE] BKN Michael Porter Jr.: Game Time Decision -> Expected to be out until at least Mar 20
[UPDATE] DAL Brandon Williams: Game Time Decision -> Expected to be out until at least Mar 21
[NEW] DEN | Aaron Gordon | Expected to be out until at least Mar 20 (Rest)
[UPDATE] DEN Peyton Watson: Game Time Decision -> Expected to be out until at least Mar 20
[NEW] IND | Ivica Zubac | Game Time Decision (Back)
[NEW] IND | T.J. McConnell | Game Time Decision (Hamstring)
[UPDATE] IND Pascal Siakam: Game Time Decision -> Expected to be out until at least Mar 21
[NEW] IND | Obi Toppin | Expected to be out until at least Mar 21 (Rest)
[NEW] IND | Quenton Jackson | Game Time Decision (Calf)
[NEW] IND | Aaron Nesmith | Game Time Decision (Ankle)
[NEW] IND | Ben Sheppard | Game Time Decision (Ankle)
[NEW] LAC | Nicolas Batum | Game Time Decision (Rest)
[NEW] MIN | Naz Reid | Game Time Decision (Ankle)
[NEW] MIN | Jaylen Clark | Game Time Decision (Calf)
[NEW] OKC | Isaiah Hartenstein | Expected to be out until at least Mar 21 (Rest)
[NEW] OKC | Chet Holmgren | Game Time Decision (Hip)
[UPDATE] OKC Branden Carlson: Game Time Decision -> Expected to be out until at least Mar 21
[UPDATE] OKC Jalen Williams: Game Time Decision -> Expected to be out until at least Mar 21
[NEW] OKC | Luguentz Dort | Expected to be out until at least Mar 21 (Rest)
[UPDATE] POR Vit Krejci: Game Time Decision -> Expected to be out until at least Mar 20
[CLEARED] BKN Nolan Traore is off the report
[CLEARED] BKN Terance Mann is off the report
[CLEARED] LAC Darius Garland is off the report
[CLEARED] NOP Dejounte Murray is off the report
[2026-03-19 06:00:05] Posted 24 changes to Memos.
已输出: nba injury/nba-injury_2026-03-18.csv 共124行
已输出: nba-injury-latest.csv 共124行

--- 2026-03-19 08:00:05 ---
[UPDATE] GSW Stephen Curry: Expected to be out until at least Mar 23 -> Expected to be out until at least Mar 25
[UPDATE] IND Obi Toppin: Expected to be out until at least Mar 21 -> Expected to be out until at least Mar 21
[UPDATE] MIN Naz Reid: Game Time Decision -> Expected to be out until at least Mar 20
[UPDATE] OKC Isaiah Hartenstein: Expected to be out until at least Mar 21 -> Expected to be out until at least Mar 21
[UPDATE] TOR Chucky Hepburn: Game Time Decision -> Expected to be out until at least Mar 20
[2026-03-19 08:00:05] Posted 5 changes to Memos.
已输出: nba injury/nba-injury_2026-03-18.csv 共121行
已输出: nba-injury-latest.csv 共121行

--- 2026-03-19 10:00:05 ---
[UPDATE] BKN Ben Saraf: Game Time Decision -> Expected to be out until at least Mar 20
[UPDATE] CHA Tidjane Salaun: Game Time Decision -> Expected to be out until at least Mar 21
[UPDATE] DEN Aaron Gordon: Expected to be out until at least Mar 20 -> Expected to be out until at least Mar 20
[UPDATE] DET Cade Cunningham: Game Time Decision -> Expected to be out until at least Mar 20
[UPDATE] GSW Moses Moody: Expected to be out until at least Mar 20 -> Expected to be out until at least Mar 25
[UPDATE] GSW L.J. Cryer: Game Time Decision -> Expected to be out until at least Mar 20
[UPDATE] IND Pascal Siakam: Expected to be out until at least Mar 21 -> Expected to be out until at least Mar 23
[NEW] MIA | Jaime Jaquez Jr. | Game Time Decision (Hip)
[UPDATE] MIA Andrew Wiggins: Game Time Decision -> Expected to be out until at least Mar 21
[NEW] MIL | Kyle Kuzma | Game Time Decision (Elbow)
[NEW] MIL | Kevin Porter | Game Time Decision (Knee)
[UPDATE] ORL Jonathan Isaac: Game Time Decision -> Expected to be out until at least Mar 26
[UPDATE] ORL Franz Wagner: Game Time Decision -> Expected to be out until at least Mar 21
[UPDATE] ORL Anthony Black: Game Time Decision -> Expected to be out until at least Mar 21
[UPDATE] WAS Trae Young: Game Time Decision -> Expected to be out until at least Mar 21
[UPDATE] WAS Leaky Black: Game Time Decision -> Expected to be out until at least Mar 25
[CLEARED] CHA Moussa Diabate is off the report
[CLEARED] GSW Quinten Post is off the report
[CLEARED] GSW Gary Payton II is off the report
[CLEARED] POR Robert Williams III is off the report
[CLEARED] UTA John Konchar is off the report
[CLEARED] UTA Ace Bailey is off the report
[2026-03-19 10:00:05] Posted 22 changes to Memos.
已输出: nba injury/nba-injury_2026-03-18.csv 共108行
已输出: nba-injury-latest.csv 共108行

--- 2026-03-19 12:00:04 ---
[UPDATE] CHI Isaac Okoro: Game Time Decision -> Expected to be out until at least Mar 19
[UPDATE] DAL Caleb Martin: Game Time Decision -> Expected to be out until at least Mar 21
[UPDATE] DET Wendell Moore Jr.: Game Time Decision -> Expected to be out until at least Mar 20
[UPDATE] IND Andrew Nembhard: Game Time Decision -> Expected to be out until at least Mar 21
[UPDATE] IND Micah Potter: Game Time Decision -> Expected to be out until at least Mar 21
[UPDATE] LAC Nicolas Batum: Game Time Decision -> Expected to be out until at least Mar 19
[UPDATE] MEM Jahmai Mashack: Game Time Decision -> Expected to be out until at least Mar 20
[NEW] PHX | Royce O'Neale | Game Time Decision (Knee)
[NEW] SAC | Nique Clifford | Game Time Decision (Hamstring)
[UPDATE] SAC Devin Carter: Game Time Decision -> Expected to be out until at least Mar 22
[UPDATE] TOR Collin Murray-Boyles: Game Time Decision -> Expected to be out until at least Mar 20
[CLEARED] ATL Jonathan Kuminga is off the report
[CLEARED] CHI Collin Sexton is off the report
[CLEARED] DAL Daniel Gafford is off the report
[CLEARED] IND Quenton Jackson is off the report
[CLEARED] IND Ivica Zubac is off the report
[CLEARED] IND Aaron Nesmith is off the report
[CLEARED] IND Ben Sheppard is off the report
[CLEARED] IND T.J. McConnell is off the report
[CLEARED] LAC Kawhi Leonard is off the report
[CLEARED] MIN Jaylen Clark is off the report
[CLEARED] OKC Chet Holmgren is off the report
[CLEARED] PHI Jabari Walker is off the report
[CLEARED] POR Chris Youngblood is off the report
[CLEARED] SAC Daeqwon Plowden is off the report
[CLEARED] SAS Devin Vassell is off the report
[2026-03-19 12:00:04] Posted 26 changes to Memos.
已输出: nba injury/nba-injury_2026-03-18.csv 共110行
已输出: nba-injury-latest.csv 共110行

--- 2026-03-19 14:00:05 ---
[NEW] BKN | Noah Clowney | Game Time Decision (Wrist)
[NEW] IND | Ivica Zubac | Game Time Decision (Head)
[2026-03-19 14:00:05] Posted 2 changes to Memos.
已输出: nba injury/nba-injury_2026-03-19.csv 共109行
已输出: nba-injury-latest.csv 共109行
已删除旧文件: 1个

--- 2026-03-19 16:00:05 ---
[CLEARED] DET Isaiah Stewart is off the report
[2026-03-19 16:00:05] Posted 1 changes to Memos.
已输出: nba injury/nba-injury_2026-03-19.csv 共109行
已输出: nba-injury-latest.csv 共109行

--- 2026-03-19 18:00:05 ---
[UPDATE] MIA Andrew Wiggins: Expected to be out until at least Mar 21 -> Game Time Decision
[UPDATE] MIN Naz Reid: Expected to be out until at least Mar 20 -> Game Time Decision
[2026-03-19 18:00:05] Posted 2 changes to Memos.
已输出: nba injury/nba-injury_2026-03-19.csv 共109行
已输出: nba-injury-latest.csv 共109行
[2026-03-19 20:00:05] No injury changes detected.
已输出: nba injury/nba-injury_2026-03-19.csv 共109行
已输出: nba-injury-latest.csv 共109行
[2026-03-19 22:00:08] No injury changes detected.
Traceback (most recent call last):
  File "/data/reddog-scraper/track_injury_changes.py", line 4, in <module>
    import requests
ModuleNotFoundError: No module named 'requests'
Traceback (most recent call last):
  File "/data/reddog-scraper/track_injury_changes.py", line 4, in <module>
    import requests
ModuleNotFoundError: No module named 'requests'
Traceback (most recent call last):
  File "/data/reddog-scraper/track_injury_changes.py", line 4, in <module>
    import requests
ModuleNotFoundError: No module named 'requests'
Traceback (most recent call last):
  File "/data/reddog-scraper/track_injury_changes.py", line 4, in <module>
    import requests
ModuleNotFoundError: No module named 'requests'
Traceback (most recent call last):
  File "/data/reddog-scraper/track_injury_changes.py", line 4, in <module>
    import requests
ModuleNotFoundError: No module named 'requests'
Traceback (most recent call last):
  File "/data/reddog-scraper/track_injury_changes.py", line 4, in <module>
    import requests
ModuleNotFoundError: No module named 'requests'
Traceback (most recent call last):
  File "/data/reddog-scraper/track_injury_changes.py", line 4, in <module>
    import requests
ModuleNotFoundError: No module named 'requests'
Traceback (most recent call last):
  File "/data/reddog-scraper/track_injury_changes.py", line 4, in <module>
    import requests
ModuleNotFoundError: No module named 'requests'
Traceback (most recent call last):
  File "/data/reddog-scraper/track_injury_changes.py", line 4, in <module>
    import requests
ModuleNotFoundError: No module named 'requests'
Traceback (most recent call last):
  File "/data/reddog-scraper/track_injury_changes.py", line 4, in <module>
    import requests
ModuleNotFoundError: No module named 'requests'
Traceback (most recent call last):
  File "/data/reddog-scraper/track_injury_changes.py", line 4, in <module>
    import requests
ModuleNotFoundError: No module named 'requests'
Traceback (most recent call last):
  File "/data/reddog-scraper/track_injury_changes.py", line 4, in <module>
    import requests
ModuleNotFoundError: No module named 'requests'
Traceback (most recent call last):
  File "/data/reddog-scraper/track_injury_changes.py", line 4, in <module>
    import requests
ModuleNotFoundError: No module named 'requests'
Traceback (most recent call last):
  File "/data/reddog-scraper/track_injury_changes.py", line 4, in <module>
    import requests
ModuleNotFoundError: No module named 'requests'
Traceback (most recent call last):
  File "/data/reddog-scraper/track_injury_changes.py", line 4, in <module>
    import requests
ModuleNotFoundError: No module named 'requests'
Traceback (most recent call last):
  File "/data/reddog-scraper/track_injury_changes.py", line 4, in <module>
    import requests
ModuleNotFoundError: No module named 'requests'
Traceback (most recent call last):
  File "/data/reddog-scraper/track_injury_changes.py", line 4, in <module>
    import requests
ModuleNotFoundError: No module named 'requests'
Traceback (most recent call last):
  File "/data/reddog-scraper/track_injury_changes.py", line 4, in <module>
    import requests
ModuleNotFoundError: No module named 'requests'
Traceback (most recent call last):
  File "/data/reddog-scraper/track_injury_changes.py", line 4, in <module>
    import requests
ModuleNotFoundError: No module named 'requests'
Traceback (most recent call last):
  File "/data/reddog-scraper/track_injury_changes.py", line 4, in <module>
    import requests
ModuleNotFoundError: No module named 'requests'
Traceback (most recent call last):
  File "/data/reddog-scraper/track_injury_changes.py", line 4, in <module>
    import requests
ModuleNotFoundError: No module named 'requests'
Traceback (most recent call last):
  File "/data/reddog-scraper/track_injury_changes.py", line 4, in <module>
    import requests
ModuleNotFoundError: No module named 'requests'
Traceback (most recent call last):
  File "/data/reddog-scraper/track_injury_changes.py", line 4, in <module>
    import requests
ModuleNotFoundError: No module named 'requests'
Traceback (most recent call last):
  File "/data/reddog-scraper/track_injury_changes.py", line 4, in <module>
    import requests
ModuleNotFoundError: No module named 'requests'
Traceback (most recent call last):
  File "/data/reddog-scraper/track_injury_changes.py", line 4, in <module>
    import requests
ModuleNotFoundError: No module named 'requests'
Traceback (most recent call last):
  File "/data/reddog-scraper/track_injury_changes.py", line 4, in <module>
    import requests
ModuleNotFoundError: No module named 'requests'
Traceback (most recent call last):
  File "/data/reddog-scraper/track_injury_changes.py", line 4, in <module>
    import requests
ModuleNotFoundError: No module named 'requests'
Traceback (most recent call last):
  File "/data/reddog-scraper/track_injury_changes.py", line 4, in <module>
    import requests
ModuleNotFoundError: No module named 'requests'
Traceback (most recent call last):
  File "/data/reddog-scraper/track_injury_changes.py", line 4, in <module>
    import requests
ModuleNotFoundError: No module named 'requests'
Traceback (most recent call last):
  File "/data/reddog-scraper/track_injury_changes.py", line 4, in <module>
    import requests
ModuleNotFoundError: No module named 'requests'
Traceback (most recent call last):
  File "/data/reddog-scraper/track_injury_changes.py", line 4, in <module>
    import requests
ModuleNotFoundError: No module named 'requests'
Traceback (most recent call last):
  File "/data/reddog-scraper/track_injury_changes.py", line 4, in <module>
    import requests
ModuleNotFoundError: No module named 'requests'
Traceback (most recent call last):
  File "/data/reddog-scraper/track_injury_changes.py", line 4, in <module>
    import requests
ModuleNotFoundError: No module named 'requests'
Traceback (most recent call last):
  File "/data/reddog-scraper/track_injury_changes.py", line 4, in <module>
    import requests
ModuleNotFoundError: No module named 'requests'
Traceback (most recent call last):
  File "/data/reddog-scraper/track_injury_changes.py", line 4, in <module>
    import requests
ModuleNotFoundError: No module named 'requests'
Traceback (most recent call last):
  File "/data/reddog-scraper/track_injury_changes.py", line 4, in <module>
    import requests
ModuleNotFoundError: No module named 'requests'
Traceback (most recent call last):
  File "/data/reddog-scraper/track_injury_changes.py", line 4, in <module>
    import requests
ModuleNotFoundError: No module named 'requests'
Traceback (most recent call last):
  File "/data/reddog-scraper/track_injury_changes.py", line 4, in <module>
    import requests
ModuleNotFoundError: No module named 'requests'
Traceback (most recent call last):
  File "/data/reddog-scraper/track_injury_changes.py", line 4, in <module>
    import requests
ModuleNotFoundError: No module named 'requests'
Traceback (most recent call last):
  File "/data/reddog-scraper/track_injury_changes.py", line 4, in <module>
    import requests
ModuleNotFoundError: No module named 'requests'
Traceback (most recent call last):
  File "/data/reddog-scraper/track_injury_changes.py", line 4, in <module>
    import requests
ModuleNotFoundError: No module named 'requests'
Traceback (most recent call last):
  File "/data/reddog-scraper/track_injury_changes.py", line 4, in <module>
    import requests
ModuleNotFoundError: No module named 'requests'
Traceback (most recent call last):
  File "/data/reddog-scraper/track_injury_changes.py", line 4, in <module>
    import requests
ModuleNotFoundError: No module named 'requests'
Traceback (most recent call last):
  File "/data/reddog-scraper/track_injury_changes.py", line 4, in <module>
    import requests
ModuleNotFoundError: No module named 'requests'
Traceback (most recent call last):
  File "/data/reddog-scraper/track_injury_changes.py", line 4, in <module>
    import requests
ModuleNotFoundError: No module named 'requests'
Traceback (most recent call last):
  File "/data/reddog-scraper/track_injury_changes.py", line 4, in <module>
    import requests
ModuleNotFoundError: No module named 'requests'
Traceback (most recent call last):
  File "/data/reddog-scraper/track_injury_changes.py", line 4, in <module>
    import requests
ModuleNotFoundError: No module named 'requests'
Traceback (most recent call last):
  File "/data/reddog-scraper/track_injury_changes.py", line 4, in <module>
    import requests
ModuleNotFoundError: No module named 'requests'
Traceback (most recent call last):
  File "/data/reddog-scraper/track_injury_changes.py", line 4, in <module>
    import requests
ModuleNotFoundError: No module named 'requests'
Traceback (most recent call last):
  File "/data/reddog-scraper/track_injury_changes.py", line 4, in <module>
    import requests
ModuleNotFoundError: No module named 'requests'
Traceback (most recent call last):
  File "/data/reddog-scraper/track_injury_changes.py", line 4, in <module>
    import requests
ModuleNotFoundError: No module named 'requests'
Traceback (most recent call last):
  File "/data/reddog-scraper/track_injury_changes.py", line 4, in <module>
    import requests
ModuleNotFoundError: No module named 'requests'
Traceback (most recent call last):
  File "/data/reddog-scraper/track_injury_changes.py", line 4, in <module>
    import requests
ModuleNotFoundError: No module named 'requests'
Traceback (most recent call last):
  File "/data/reddog-scraper/track_injury_changes.py", line 4, in <module>
    import requests
ModuleNotFoundError: No module named 'requests'
Traceback (most recent call last):
  File "/data/reddog-scraper/track_injury_changes.py", line 4, in <module>
    import requests
ModuleNotFoundError: No module named 'requests'
Traceback (most recent call last):
  File "/data/reddog-scraper/track_injury_changes.py", line 4, in <module>
    import requests
ModuleNotFoundError: No module named 'requests'
Traceback (most recent call last):
  File "/data/reddog-scraper/track_injury_changes.py", line 4, in <module>
    import requests
ModuleNotFoundError: No module named 'requests'
Traceback (most recent call last):
  File "/data/reddog-scraper/track_injury_changes.py", line 4, in <module>
    import requests
ModuleNotFoundError: No module named 'requests'
Traceback (most recent call last):
  File "/data/reddog-scraper/track_injury_changes.py", line 4, in <module>
    import requests
ModuleNotFoundError: No module named 'requests'
Traceback (most recent call last):
  File "/data/reddog-scraper/track_injury_changes.py", line 4, in <module>
    import requests
ModuleNotFoundError: No module named 'requests'
Traceback (most recent call last):
  File "/data/reddog-scraper/track_injury_changes.py", line 4, in <module>
    import requests
ModuleNotFoundError: No module named 'requests'
Traceback (most recent call last):
  File "/data/reddog-scraper/track_injury_changes.py", line 4, in <module>
    import requests
ModuleNotFoundError: No module named 'requests'
Traceback (most recent call last):
  File "/data/reddog-scraper/track_injury_changes.py", line 4, in <module>
    import requests
ModuleNotFoundError: No module named 'requests'
Traceback (most recent call last):
  File "/data/reddog-scraper/track_injury_changes.py", line 4, in <module>
    import requests
ModuleNotFoundError: No module named 'requests'
Traceback (most recent call last):
  File "/data/reddog-scraper/track_injury_changes.py", line 4, in <module>
    import requests
ModuleNotFoundError: No module named 'requests'
Traceback (most recent call last):
  File "/data/reddog-scraper/track_injury_changes.py", line 4, in <module>
    import requests
ModuleNotFoundError: No module named 'requests'
Traceback (most recent call last):
  File "/data/reddog-scraper/track_injury_changes.py", line 4, in <module>
    import requests
ModuleNotFoundError: No module named 'requests'
Traceback (most recent call last):
  File "/data/reddog-scraper/track_injury_changes.py", line 4, in <module>
    import requests
ModuleNotFoundError: No module named 'requests'
Traceback (most recent call last):
  File "/data/reddog-scraper/track_injury_changes.py", line 4, in <module>
    import requests
ModuleNotFoundError: No module named 'requests'
Traceback (most recent call last):
  File "/data/reddog-scraper/track_injury_changes.py", line 4, in <module>
    import requests
ModuleNotFoundError: No module named 'requests'
Traceback (most recent call last):
  File "/data/reddog-scraper/track_injury_changes.py", line 4, in <module>
    import requests
ModuleNotFoundError: No module named 'requests'
Traceback (most recent call last):
  File "/data/reddog-scraper/track_injury_changes.py", line 4, in <module>
    import requests
ModuleNotFoundError: No module named 'requests'
Traceback (most recent call last):
  File "/data/reddog-scraper/track_injury_changes.py", line 4, in <module>
    import requests
ModuleNotFoundError: No module named 'requests'
Traceback (most recent call last):
  File "/data/reddog-scraper/track_injury_changes.py", line 4, in <module>
    import requests
ModuleNotFoundError: No module named 'requests'
Traceback (most recent call last):
  File "/data/reddog-scraper/track_injury_changes.py", line 4, in <module>
    import requests
ModuleNotFoundError: No module named 'requests'
Traceback (most recent call last):
  File "/data/reddog-scraper/track_injury_changes.py", line 4, in <module>
    import requests
ModuleNotFoundError: No module named 'requests'
Traceback (most recent call last):
  File "/data/reddog-scraper/track_injury_changes.py", line 4, in <module>
    import requests
ModuleNotFoundError: No module named 'requests'
Traceback (most recent call last):
  File "/data/reddog-scraper/track_injury_changes.py", line 4, in <module>
    import requests
ModuleNotFoundError: No module named 'requests'
Traceback (most recent call last):
  File "/data/reddog-scraper/track_injury_changes.py", line 4, in <module>
    import requests
ModuleNotFoundError: No module named 'requests'
Traceback (most recent call last):
  File "/data/reddog-scraper/track_injury_changes.py", line 4, in <module>
    import requests
ModuleNotFoundError: No module named 'requests'
Traceback (most recent call last):
  File "/data/reddog-scraper/track_injury_changes.py", line 4, in <module>
    import requests
ModuleNotFoundError: No module named 'requests'
Traceback (most recent call last):
  File "/data/reddog-scraper/track_injury_changes.py", line 4, in <module>
    import requests
ModuleNotFoundError: No module named 'requests'
Traceback (most recent call last):
  File "/data/reddog-scraper/track_injury_changes.py", line 4, in <module>
    import requests
ModuleNotFoundError: No module named 'requests'
Traceback (most recent call last):
  File "/data/reddog-scraper/track_injury_changes.py", line 4, in <module>
    import requests
ModuleNotFoundError: No module named 'requests'
Traceback (most recent call last):
  File "/data/reddog-scraper/track_injury_changes.py", line 4, in <module>
    import requests
ModuleNotFoundError: No module named 'requests'
Traceback (most recent call last):
  File "/data/reddog-scraper/track_injury_changes.py", line 4, in <module>
    import requests
ModuleNotFoundError: No module named 'requests'
Traceback (most recent call last):
  File "/data/reddog-scraper/track_injury_changes.py", line 4, in <module>
    import requests
ModuleNotFoundError: No module named 'requests'
Traceback (most recent call last):
  File "/data/reddog-scraper/track_injury_changes.py", line 4, in <module>
    import requests
ModuleNotFoundError: No module named 'requests'
Traceback (most recent call last):
  File "/data/reddog-scraper/track_injury_changes.py", line 4, in <module>
    import requests
ModuleNotFoundError: No module named 'requests'
Traceback (most recent call last):
  File "/data/reddog-scraper/track_injury_changes.py", line 4, in <module>
    import requests
ModuleNotFoundError: No module named 'requests'
Traceback (most recent call last):
  File "/data/reddog-scraper/track_injury_changes.py", line 4, in <module>
    import requests
ModuleNotFoundError: No module named 'requests'
Traceback (most recent call last):
  File "/data/reddog-scraper/track_injury_changes.py", line 4, in <module>
    import requests
ModuleNotFoundError: No module named 'requests'
Traceback (most recent call last):
  File "/data/reddog-scraper/track_injury_changes.py", line 4, in <module>
    import requests
ModuleNotFoundError: No module named 'requests'
Traceback (most recent call last):
  File "/data/reddog-scraper/track_injury_changes.py", line 4, in <module>
    import requests
ModuleNotFoundError: No module named 'requests'
Traceback (most recent call last):
  File "/data/reddog-scraper/track_injury_changes.py", line 4, in <module>
    import requests
ModuleNotFoundError: No module named 'requests'
Traceback (most recent call last):
  File "/data/reddog-scraper/track_injury_changes.py", line 4, in <module>
    import requests
ModuleNotFoundError: No module named 'requests'
Traceback (most recent call last):
  File "/data/reddog-scraper/track_injury_changes.py", line 4, in <module>
    import requests
ModuleNotFoundError: No module named 'requests'
Traceback (most recent call last):
  File "/data/reddog-scraper/track_injury_changes.py", line 4, in <module>
    import requests
ModuleNotFoundError: No module named 'requests'
Traceback (most recent call last):
  File "/data/reddog-scraper/track_injury_changes.py", line 4, in <module>
    import requests
ModuleNotFoundError: No module named 'requests'
Traceback (most recent call last):
  File "/data/reddog-scraper/track_injury_changes.py", line 4, in <module>
    import requests
ModuleNotFoundError: No module named 'requests'
Traceback (most recent call last):
  File "/data/reddog-scraper/track_injury_changes.py", line 4, in <module>
    import requests
ModuleNotFoundError: No module named 'requests'
Traceback (most recent call last):
  File "/data/reddog-scraper/track_injury_changes.py", line 4, in <module>
    import requests
ModuleNotFoundError: No module named 'requests'
Traceback (most recent call last):
  File "/data/reddog-scraper/track_injury_changes.py", line 4, in <module>
    import requests
ModuleNotFoundError: No module named 'requests'
Traceback (most recent call last):
  File "/data/reddog-scraper/track_injury_changes.py", line 4, in <module>
    import requests
ModuleNotFoundError: No module named 'requests'
Traceback (most recent call last):
  File "/data/reddog-scraper/track_injury_changes.py", line 4, in <module>
    import requests
ModuleNotFoundError: No module named 'requests'
Traceback (most recent call last):
  File "/data/reddog-scraper/track_injury_changes.py", line 4, in <module>
    import requests
ModuleNotFoundError: No module named 'requests'
Traceback (most recent call last):
  File "/data/reddog-scraper/track_injury_changes.py", line 4, in <module>
    import requests
ModuleNotFoundError: No module named 'requests'
Traceback (most recent call last):
  File "/data/reddog-scraper/track_injury_changes.py", line 4, in <module>
    import requests
ModuleNotFoundError: No module named 'requests'
Traceback (most recent call last):
  File "/data/reddog-scraper/track_injury_changes.py", line 4, in <module>
    import requests
ModuleNotFoundError: No module named 'requests'
Traceback (most recent call last):
  File "/data/reddog-scraper/track_injury_changes.py", line 4, in <module>
    import requests
ModuleNotFoundError: No module named 'requests'
Traceback (most recent call last):
  File "/data/reddog-scraper/track_injury_changes.py", line 4, in <module>
    import requests
ModuleNotFoundError: No module named 'requests'
Traceback (most recent call last):
  File "/data/reddog-scraper/track_injury_changes.py", line 4, in <module>
    import requests
ModuleNotFoundError: No module named 'requests'
Traceback (most recent call last):
  File "/data/reddog-scraper/track_injury_changes.py", line 4, in <module>
    import requests
ModuleNotFoundError: No module named 'requests'
Traceback (most recent call last):
  File "/data/reddog-scraper/track_injury_changes.py", line 4, in <module>
    import requests
ModuleNotFoundError: No module named 'requests'
Traceback (most recent call last):
  File "/data/reddog-scraper/track_injury_changes.py", line 4, in <module>
    import requests
ModuleNotFoundError: No module named 'requests'
Traceback (most recent call last):
  File "/data/reddog-scraper/track_injury_changes.py", line 4, in <module>
    import requests
ModuleNotFoundError: No module named 'requests'
Traceback (most recent call last):
  File "/data/reddog-scraper/track_injury_changes.py", line 4, in <module>
    import requests
ModuleNotFoundError: No module named 'requests'
Traceback (most recent call last):
  File "/data/reddog-scraper/track_injury_changes.py", line 4, in <module>
    import requests
ModuleNotFoundError: No module named 'requests'
Traceback (most recent call last):
  File "/data/reddog-scraper/track_injury_changes.py", line 4, in <module>
    import requests
ModuleNotFoundError: No module named 'requests'
Traceback (most recent call last):
  File "/data/reddog-scraper/track_injury_changes.py", line 4, in <module>
    import requests
ModuleNotFoundError: No module named 'requests'
Traceback (most recent call last):
  File "/data/reddog-scraper/track_injury_changes.py", line 4, in <module>
    import requests
ModuleNotFoundError: No module named 'requests'
Traceback (most recent call last):
  File "/data/reddog-scraper/track_injury_changes.py", line 4, in <module>
    import requests
ModuleNotFoundError: No module named 'requests'
Traceback (most recent call last):
  File "/data/reddog-scraper/track_injury_changes.py", line 4, in <module>
    import requests
ModuleNotFoundError: No module named 'requests'
Traceback (most recent call last):
  File "/data/reddog-scraper/track_injury_changes.py", line 4, in <module>
    import requests
ModuleNotFoundError: No module named 'requests'
Traceback (most recent call last):
  File "/data/reddog-scraper/track_injury_changes.py", line 4, in <module>
    import requests
ModuleNotFoundError: No module named 'requests'
Traceback (most recent call last):
  File "/data/reddog-scraper/track_injury_changes.py", line 4, in <module>
    import requests
ModuleNotFoundError: No module named 'requests'
Traceback (most recent call last):
  File "/data/reddog-scraper/track_injury_changes.py", line 4, in <module>
    import requests
ModuleNotFoundError: No module named 'requests'
Traceback (most recent call last):
  File "/data/reddog-scraper/track_injury_changes.py", line 4, in <module>
    import requests
ModuleNotFoundError: No module named 'requests'
Traceback (most recent call last):
  File "/data/reddog-scraper/track_injury_changes.py", line 4, in <module>
    import requests
ModuleNotFoundError: No module named 'requests'
Traceback (most recent call last):
  File "/data/reddog-scraper/track_injury_changes.py", line 4, in <module>
    import requests
ModuleNotFoundError: No module named 'requests'
Traceback (most recent call last):
  File "/data/reddog-scraper/track_injury_changes.py", line 4, in <module>
    import requests
ModuleNotFoundError: No module named 'requests'
Traceback (most recent call last):
  File "/data/reddog-scraper/track_injury_changes.py", line 4, in <module>
    import requests
ModuleNotFoundError: No module named 'requests'
Traceback (most recent call last):
  File "/data/reddog-scraper/track_injury_changes.py", line 4, in <module>
    import requests
ModuleNotFoundError: No module named 'requests'
Traceback (most recent call last):
  File "/data/reddog-scraper/track_injury_changes.py", line 4, in <module>
    import requests
ModuleNotFoundError: No module named 'requests'
Traceback (most recent call last):
  File "/data/reddog-scraper/track_injury_changes.py", line 4, in <module>
    import requests
ModuleNotFoundError: No module named 'requests'
Traceback (most recent call last):
  File "/data/reddog-scraper/track_injury_changes.py", line 4, in <module>
    import requests
ModuleNotFoundError: No module named 'requests'
Traceback (most recent call last):
  File "/data/reddog-scraper/track_injury_changes.py", line 4, in <module>
    import requests
ModuleNotFoundError: No module named 'requests'
Traceback (most recent call last):
  File "/data/reddog-scraper/track_injury_changes.py", line 4, in <module>
    import requests
ModuleNotFoundError: No module named 'requests'
Traceback (most recent call last):
  File "/data/reddog-scraper/track_injury_changes.py", line 4, in <module>
    import requests
ModuleNotFoundError: No module named 'requests'
Traceback (most recent call last):
  File "/data/reddog-scraper/track_injury_changes.py", line 4, in <module>
    import requests
ModuleNotFoundError: No module named 'requests'
Traceback (most recent call last):
  File "/data/reddog-scraper/track_injury_changes.py", line 4, in <module>
    import requests
ModuleNotFoundError: No module named 'requests'
Traceback (most recent call last):
  File "/data/reddog-scraper/track_injury_changes.py", line 4, in <module>
    import requests
ModuleNotFoundError: No module named 'requests'
Traceback (most recent call last):
  File "/data/reddog-scraper/track_injury_changes.py", line 4, in <module>
    import requests
ModuleNotFoundError: No module named 'requests'
Traceback (most recent call last):
  File "/data/reddog-scraper/track_injury_changes.py", line 4, in <module>
    import requests
ModuleNotFoundError: No module named 'requests'
Traceback (most recent call last):
  File "/data/reddog-scraper/track_injury_changes.py", line 4, in <module>
    import requests
ModuleNotFoundError: No module named 'requests'
Traceback (most recent call last):
  File "/data/reddog-scraper/track_injury_changes.py", line 4, in <module>
    import requests
ModuleNotFoundError: No module named 'requests'
Traceback (most recent call last):
  File "/data/reddog-scraper/track_injury_changes.py", line 4, in <module>
    import requests
ModuleNotFoundError: No module named 'requests'
Traceback (most recent call last):
  File "/data/reddog-scraper/track_injury_changes.py", line 4, in <module>
    import requests
ModuleNotFoundError: No module named 'requests'
Traceback (most recent call last):
  File "/data/reddog-scraper/track_injury_changes.py", line 4, in <module>
    import requests
ModuleNotFoundError: No module named 'requests'
Traceback (most recent call last):
  File "/data/reddog-scraper/track_injury_changes.py", line 4, in <module>
    import requests
ModuleNotFoundError: No module named 'requests'
Traceback (most recent call last):
  File "/data/reddog-scraper/track_injury_changes.py", line 4, in <module>
    import requests
ModuleNotFoundError: No module named 'requests'
Traceback (most recent call last):
  File "/data/reddog-scraper/track_injury_changes.py", line 4, in <module>
    import requests
ModuleNotFoundError: No module named 'requests'
Traceback (most recent call last):
  File "/data/reddog-scraper/track_injury_changes.py", line 4, in <module>
    import requests
ModuleNotFoundError: No module named 'requests'
Traceback (most recent call last):
  File "/data/reddog-scraper/track_injury_changes.py", line 4, in <module>
    import requests
ModuleNotFoundError: No module named 'requests'
Traceback (most recent call last):
  File "/data/reddog-scraper/track_injury_changes.py", line 4, in <module>
    import requests
ModuleNotFoundError: No module named 'requests'
Traceback (most recent call last):
  File "/data/reddog-scraper/track_injury_changes.py", line 4, in <module>
    import requests
ModuleNotFoundError: No module named 'requests'
Traceback (most recent call last):
  File "/data/reddog-scraper/track_injury_changes.py", line 4, in <module>
    import requests
ModuleNotFoundError: No module named 'requests'
Traceback (most recent call last):
  File "/data/reddog-scraper/track_injury_changes.py", line 4, in <module>
    import requests
ModuleNotFoundError: No module named 'requests'
Traceback (most recent call last):
  File "/data/reddog-scraper/track_injury_changes.py", line 4, in <module>
    import requests
ModuleNotFoundError: No module named 'requests'
Traceback (most recent call last):
  File "/data/reddog-scraper/track_injury_changes.py", line 4, in <module>
    import requests
ModuleNotFoundError: No module named 'requests'
Traceback (most recent call last):
  File "/data/reddog-scraper/track_injury_changes.py", line 4, in <module>
    import requests
ModuleNotFoundError: No module named 'requests'
Traceback (most recent call last):
  File "/data/reddog-scraper/track_injury_changes.py", line 4, in <module>
    import requests
ModuleNotFoundError: No module named 'requests'
Traceback (most recent call last):
  File "/data/reddog-scraper/track_injury_changes.py", line 4, in <module>
    import requests
ModuleNotFoundError: No module named 'requests'
Traceback (most recent call last):
  File "/data/reddog-scraper/track_injury_changes.py", line 4, in <module>
    import requests
ModuleNotFoundError: No module named 'requests'
Traceback (most recent call last):
  File "/data/reddog-scraper/track_injury_changes.py", line 4, in <module>
    import requests
ModuleNotFoundError: No module named 'requests'
Traceback (most recent call last):
  File "/data/reddog-scraper/track_injury_changes.py", line 4, in <module>
    import requests
ModuleNotFoundError: No module named 'requests'
Traceback (most recent call last):
  File "/data/reddog-scraper/track_injury_changes.py", line 4, in <module>
    import requests
ModuleNotFoundError: No module named 'requests'
Traceback (most recent call last):
  File "/data/reddog-scraper/track_injury_changes.py", line 4, in <module>
    import requests
ModuleNotFoundError: No module named 'requests'
Traceback (most recent call last):
  File "/data/reddog-scraper/track_injury_changes.py", line 4, in <module>
    import requests
ModuleNotFoundError: No module named 'requests'
Traceback (most recent call last):
  File "/data/reddog-scraper/track_injury_changes.py", line 4, in <module>
    import requests
ModuleNotFoundError: No module named 'requests'
Traceback (most recent call last):
  File "/data/reddog-scraper/track_injury_changes.py", line 4, in <module>
    import requests
ModuleNotFoundError: No module named 'requests'
Traceback (most recent call last):
  File "/data/reddog-scraper/track_injury_changes.py", line 4, in <module>
    import requests
ModuleNotFoundError: No module named 'requests'
Traceback (most recent call last):
  File "/data/reddog-scraper/track_injury_changes.py", line 4, in <module>
    import requests
ModuleNotFoundError: No module named 'requests'
Traceback (most recent call last):
  File "/data/reddog-scraper/track_injury_changes.py", line 4, in <module>
    import requests
ModuleNotFoundError: No module named 'requests'
Traceback (most recent call last):
  File "/data/reddog-scraper/track_injury_changes.py", line 4, in <module>
    import requests
ModuleNotFoundError: No module named 'requests'
Traceback (most recent call last):
  File "/data/reddog-scraper/track_injury_changes.py", line 4, in <module>
    import requests
ModuleNotFoundError: No module named 'requests'
Traceback (most recent call last):
  File "/data/reddog-scraper/track_injury_changes.py", line 4, in <module>
    import requests
ModuleNotFoundError: No module named 'requests'
Traceback (most recent call last):
  File "/data/reddog-scraper/track_injury_changes.py", line 4, in <module>
    import requests
ModuleNotFoundError: No module named 'requests'
Traceback (most recent call last):
  File "/data/reddog-scraper/track_injury_changes.py", line 4, in <module>
    import requests
ModuleNotFoundError: No module named 'requests'
Traceback (most recent call last):
  File "/data/reddog-scraper/track_injury_changes.py", line 4, in <module>
    import requests
ModuleNotFoundError: No module named 'requests'
Traceback (most recent call last):
  File "/data/reddog-scraper/track_injury_changes.py", line 4, in <module>
    import requests
ModuleNotFoundError: No module named 'requests'
Traceback (most recent call last):
  File "/data/reddog-scraper/track_injury_changes.py", line 4, in <module>
    import requests
ModuleNotFoundError: No module named 'requests'
Traceback (most recent call last):
  File "/data/reddog-scraper/track_injury_changes.py", line 4, in <module>
    import requests
ModuleNotFoundError: No module named 'requests'
Traceback (most recent call last):
  File "/data/reddog-scraper/track_injury_changes.py", line 4, in <module>
    import requests
ModuleNotFoundError: No module named 'requests'
Traceback (most recent call last):
  File "/data/reddog-scraper/track_injury_changes.py", line 4, in <module>
    import requests
ModuleNotFoundError: No module named 'requests'
Traceback (most recent call last):
  File "/data/reddog-scraper/track_injury_changes.py", line 4, in <module>
    import requests
ModuleNotFoundError: No module named 'requests'
Traceback (most recent call last):
  File "/data/reddog-scraper/track_injury_changes.py", line 4, in <module>
    import requests
ModuleNotFoundError: No module named 'requests'
Traceback (most recent call last):
  File "/data/reddog-scraper/track_injury_changes.py", line 4, in <module>
    import requests
ModuleNotFoundError: No module named 'requests'
Traceback (most recent call last):
  File "/data/reddog-scraper/track_injury_changes.py", line 4, in <module>
    import requests
ModuleNotFoundError: No module named 'requests'
Traceback (most recent call last):
  File "/data/reddog-scraper/track_injury_changes.py", line 4, in <module>
    import requests
ModuleNotFoundError: No module named 'requests'
Traceback (most recent call last):
  File "/data/reddog-scraper/track_injury_changes.py", line 4, in <module>
    import requests
ModuleNotFoundError: No module named 'requests'
Traceback (most recent call last):
  File "/data/reddog-scraper/track_injury_changes.py", line 4, in <module>
    import requests
ModuleNotFoundError: No module named 'requests'
Traceback (most recent call last):
  File "/data/reddog-scraper/track_injury_changes.py", line 4, in <module>
    import requests
ModuleNotFoundError: No module named 'requests'
Traceback (most recent call last):
  File "/data/reddog-scraper/track_injury_changes.py", line 4, in <module>
    import requests
ModuleNotFoundError: No module named 'requests'
Traceback (most recent call last):
  File "/data/reddog-scraper/track_injury_changes.py", line 4, in <module>
    import requests
ModuleNotFoundError: No module named 'requests'
Traceback (most recent call last):
  File "/data/reddog-scraper/track_injury_changes.py", line 4, in <module>
    import requests
ModuleNotFoundError: No module named 'requests'
Traceback (most recent call last):
  File "/data/reddog-scraper/track_injury_changes.py", line 4, in <module>
    import requests
ModuleNotFoundError: No module named 'requests'
Traceback (most recent call last):
  File "/data/reddog-scraper/track_injury_changes.py", line 4, in <module>
    import requests
ModuleNotFoundError: No module named 'requests'
Traceback (most recent call last):
  File "/data/reddog-scraper/track_injury_changes.py", line 4, in <module>
    import requests
ModuleNotFoundError: No module named 'requests'
Traceback (most recent call last):
  File "/data/reddog-scraper/track_injury_changes.py", line 4, in <module>
    import requests
ModuleNotFoundError: No module named 'requests'
Traceback (most recent call last):
  File "/data/reddog-scraper/track_injury_changes.py", line 4, in <module>
    import requests
ModuleNotFoundError: No module named 'requests'
Traceback (most recent call last):
  File "/data/reddog-scraper/track_injury_changes.py", line 4, in <module>
    import requests
ModuleNotFoundError: No module named 'requests'
Traceback (most recent call last):
  File "/data/reddog-scraper/track_injury_changes.py", line 4, in <module>
    import requests
ModuleNotFoundError: No module named 'requests'
Traceback (most recent call last):
  File "/data/reddog-scraper/track_injury_changes.py", line 4, in <module>
    import requests
ModuleNotFoundError: No module named 'requests'
Traceback (most recent call last):
  File "/data/reddog-scraper/track_injury_changes.py", line 4, in <module>
    import requests
ModuleNotFoundError: No module named 'requests'
Traceback (most recent call last):
  File "/data/reddog-scraper/track_injury_changes.py", line 4, in <module>
    import requests
ModuleNotFoundError: No module named 'requests'
Traceback (most recent call last):
  File "/data/reddog-scraper/track_injury_changes.py", line 4, in <module>
    import requests
ModuleNotFoundError: No module named 'requests'
Traceback (most recent call last):
  File "/data/reddog-scraper/track_injury_changes.py", line 4, in <module>
    import requests
ModuleNotFoundError: No module named 'requests'
Traceback (most recent call last):
  File "/data/reddog-scraper/track_injury_changes.py", line 4, in <module>
    import requests
ModuleNotFoundError: No module named 'requests'
Traceback (most recent call last):
  File "/data/reddog-scraper/track_injury_changes.py", line 4, in <module>
    import requests
ModuleNotFoundError: No module named 'requests'
Traceback (most recent call last):
  File "/data/reddog-scraper/track_injury_changes.py", line 4, in <module>
    import requests
ModuleNotFoundError: No module named 'requests'
Traceback (most recent call last):
  File "/data/reddog-scraper/track_injury_changes.py", line 4, in <module>
    import requests
ModuleNotFoundError: No module named 'requests'
Traceback (most recent call last):
  File "/data/reddog-scraper/track_injury_changes.py", line 4, in <module>
    import requests
ModuleNotFoundError: No module named 'requests'
Traceback (most recent call last):
  File "/data/reddog-scraper/track_injury_changes.py", line 4, in <module>
    import requests
ModuleNotFoundError: No module named 'requests'
Traceback (most recent call last):
  File "/home/shenghuali/reddog-scraper/track_injury_changes.py", line 4, in <module>
    import requests
ModuleNotFoundError: No module named 'requests'
Traceback (most recent call last):
  File "/home/shenghuali/reddog-scraper/track_injury_changes.py", line 4, in <module>
    import requests
ModuleNotFoundError: No module named 'requests'
Traceback (most recent call last):
  File "/home/shenghuali/reddog-scraper/track_injury_changes.py", line 4, in <module>
    import requests
ModuleNotFoundError: No module named 'requests'
Traceback (most recent call last):
  File "/home/shenghuali/reddog-scraper/track_injury_changes.py", line 4, in <module>
    import requests
ModuleNotFoundError: No module named 'requests'
Traceback (most recent call last):
  File "/home/shenghuali/reddog-scraper/track_injury_changes.py", line 4, in <module>
    import requests
ModuleNotFoundError: No module named 'requests'
Traceback (most recent call last):
  File "/home/shenghuali/reddog-scraper/track_injury_changes.py", line 4, in <module>
    import requests
ModuleNotFoundError: No module named 'requests'
Traceback (most recent call last):
  File "/home/shenghuali/reddog-scraper/track_injury_changes.py", line 4, in <module>
    import requests
ModuleNotFoundError: No module named 'requests'
Traceback (most recent call last):
  File "/home/shenghuali/reddog-scraper/track_injury_changes.py", line 4, in <module>
    import requests
ModuleNotFoundError: No module named 'requests'
Traceback (most recent call last):
  File "/home/shenghuali/reddog-scraper/track_injury_changes.py", line 4, in <module>
    import requests
ModuleNotFoundError: No module named 'requests'
Traceback (most recent call last):
  File "/home/shenghuali/reddog-scraper/track_injury_changes.py", line 4, in <module>
    import requests
ModuleNotFoundError: No module named 'requests'
Traceback (most recent call last):
  File "/home/shenghuali/reddog-scraper/track_injury_changes.py", line 4, in <module>
    import requests
ModuleNotFoundError: No module named 'requests'
Traceback (most recent call last):
  File "/home/shenghuali/reddog-scraper/track_injury_changes.py", line 4, in <module>
    import requests
ModuleNotFoundError: No module named 'requests'
Traceback (most recent call last):
  File "/home/shenghuali/reddog-scraper/track_injury_changes.py", line 4, in <module>
    import requests
ModuleNotFoundError: No module named 'requests'
Traceback (most recent call last):
  File "/home/shenghuali/reddog-scraper/track_injury_changes.py", line 4, in <module>
    import requests
ModuleNotFoundError: No module named 'requests'
Traceback (most recent call last):
  File "/home/shenghuali/reddog-scraper/track_injury_changes.py", line 4, in <module>
    import requests
ModuleNotFoundError: No module named 'requests'
Traceback (most recent call last):
  File "/home/shenghuali/reddog-scraper/track_injury_changes.py", line 4, in <module>
    import requests
ModuleNotFoundError: No module named 'requests'
Traceback (most recent call last):
  File "/home/shenghuali/reddog-scraper/track_injury_changes.py", line 4, in <module>
    import requests
ModuleNotFoundError: No module named 'requests'
Traceback (most recent call last):
  File "/home/shenghuali/reddog-scraper/track_injury_changes.py", line 4, in <module>
    import requests
ModuleNotFoundError: No module named 'requests'
Traceback (most recent call last):
  File "/home/shenghuali/reddog-scraper/track_injury_changes.py", line 4, in <module>
    import requests
ModuleNotFoundError: No module named 'requests'
Traceback (most recent call last):
  File "/home/shenghuali/reddog-scraper/track_injury_changes.py", line 4, in <module>
    import requests
ModuleNotFoundError: No module named 'requests'
Traceback (most recent call last):
  File "/home/shenghuali/reddog-scraper/track_injury_changes.py", line 4, in <module>
    import requests
ModuleNotFoundError: No module named 'requests'
Traceback (most recent call last):
  File "/home/shenghuali/reddog-scraper/track_injury_changes.py", line 4, in <module>
    import requests
ModuleNotFoundError: No module named 'requests'
Traceback (most recent call last):
  File "/home/shenghuali/reddog-scraper/track_injury_changes.py", line 4, in <module>
    import requests
ModuleNotFoundError: No module named 'requests'
Traceback (most recent call last):
  File "/home/shenghuali/reddog-scraper/track_injury_changes.py", line 4, in <module>
    import requests
ModuleNotFoundError: No module named 'requests'
Traceback (most recent call last):
  File "/home/shenghuali/reddog-scraper/track_injury_changes.py", line 4, in <module>
    import requests
ModuleNotFoundError: No module named 'requests'
Traceback (most recent call last):
  File "/home/shenghuali/reddog-scraper/track_injury_changes.py", line 4, in <module>
    import requests
ModuleNotFoundError: No module named 'requests'
Traceback (most recent call last):
  File "/home/shenghuali/reddog-scraper/track_injury_changes.py", line 4, in <module>
    import requests
ModuleNotFoundError: No module named 'requests'
Traceback (most recent call last):
  File "/home/shenghuali/reddog-scraper/track_injury_changes.py", line 4, in <module>
    import requests
ModuleNotFoundError: No module named 'requests'
Traceback (most recent call last):
  File "/home/shenghuali/reddog-scraper/track_injury_changes.py", line 4, in <module>
    import requests
ModuleNotFoundError: No module named 'requests'
Traceback (most recent call last):
  File "/home/shenghuali/reddog-scraper/track_injury_changes.py", line 4, in <module>
    import requests
ModuleNotFoundError: No module named 'requests'
Traceback (most recent call last):
  File "/home/shenghuali/reddog-scraper/track_injury_changes.py", line 4, in <module>
    import requests
ModuleNotFoundError: No module named 'requests'
Traceback (most recent call last):
  File "/home/shenghuali/reddog-scraper/track_injury_changes.py", line 4, in <module>
    import requests
ModuleNotFoundError: No module named 'requests'
Traceback (most recent call last):
  File "/home/shenghuali/reddog-scraper/track_injury_changes.py", line 4, in <module>
    import requests
ModuleNotFoundError: No module named 'requests'
Traceback (most recent call last):
  File "/home/shenghuali/reddog-scraper/track_injury_changes.py", line 4, in <module>
    import requests
ModuleNotFoundError: No module named 'requests'
Traceback (most recent call last):
  File "/home/shenghuali/reddog-scraper/track_injury_changes.py", line 4, in <module>
    import requests
ModuleNotFoundError: No module named 'requests'
Traceback (most recent call last):
  File "/home/shenghuali/reddog-scraper/track_injury_changes.py", line 4, in <module>
    import requests
ModuleNotFoundError: No module named 'requests'
Traceback (most recent call last):
  File "/home/shenghuali/reddog-scraper/track_injury_changes.py", line 4, in <module>
    import requests
ModuleNotFoundError: No module named 'requests'
Traceback (most recent call last):
  File "/home/shenghuali/reddog-scraper/track_injury_changes.py", line 4, in <module>
    import requests
ModuleNotFoundError: No module named 'requests'
Traceback (most recent call last):
  File "/home/shenghuali/reddog-scraper/track_injury_changes.py", line 4, in <module>
    import requests
ModuleNotFoundError: No module named 'requests'
Traceback (most recent call last):
  File "/home/shenghuali/reddog-scraper/track_injury_changes.py", line 4, in <module>
    import requests
ModuleNotFoundError: No module named 'requests'
Traceback (most recent call last):
  File "/home/shenghuali/reddog-scraper/track_injury_changes.py", line 4, in <module>
    import requests
ModuleNotFoundError: No module named 'requests'
Traceback (most recent call last):
  File "/home/shenghuali/reddog-scraper/track_injury_changes.py", line 4, in <module>
    import requests
ModuleNotFoundError: No module named 'requests'
Traceback (most recent call last):
  File "/home/shenghuali/reddog-scraper/track_injury_changes.py", line 4, in <module>
    import requests
ModuleNotFoundError: No module named 'requests'
Traceback (most recent call last):
  File "/home/shenghuali/reddog-scraper/track_injury_changes.py", line 4, in <module>
    import requests
ModuleNotFoundError: No module named 'requests'
Traceback (most recent call last):
  File "/home/shenghuali/reddog-scraper/track_injury_changes.py", line 4, in <module>
    import requests
ModuleNotFoundError: No module named 'requests'
Traceback (most recent call last):
  File "/home/shenghuali/reddog-scraper/track_injury_changes.py", line 4, in <module>
    import requests
ModuleNotFoundError: No module named 'requests'
Traceback (most recent call last):
  File "/home/shenghuali/reddog-scraper/track_injury_changes.py", line 4, in <module>
    import requests
ModuleNotFoundError: No module named 'requests'
Traceback (most recent call last):
  File "/home/shenghuali/reddog-scraper/track_injury_changes.py", line 4, in <module>
    import requests
ModuleNotFoundError: No module named 'requests'
Traceback (most recent call last):
  File "/home/shenghuali/reddog-scraper/track_injury_changes.py", line 4, in <module>
    import requests
ModuleNotFoundError: No module named 'requests'
Traceback (most recent call last):
  File "/home/shenghuali/reddog-scraper/track_injury_changes.py", line 4, in <module>
    import requests
ModuleNotFoundError: No module named 'requests'
Traceback (most recent call last):
  File "/home/shenghuali/reddog-scraper/track_injury_changes.py", line 4, in <module>
    import requests
ModuleNotFoundError: No module named 'requests'
Traceback (most recent call last):
  File "/home/shenghuali/reddog-scraper/track_injury_changes.py", line 4, in <module>
    import requests
ModuleNotFoundError: No module named 'requests'
Traceback (most recent call last):
  File "/home/shenghuali/reddog-scraper/track_injury_changes.py", line 4, in <module>
    import requests
ModuleNotFoundError: No module named 'requests'
Traceback (most recent call last):
  File "/home/shenghuali/reddog-scraper/track_injury_changes.py", line 4, in <module>
    import requests
ModuleNotFoundError: No module named 'requests'
Traceback (most recent call last):
  File "/home/shenghuali/reddog-scraper/track_injury_changes.py", line 4, in <module>
    import requests
ModuleNotFoundError: No module named 'requests'
Traceback (most recent call last):
  File "/home/shenghuali/reddog-scraper/track_injury_changes.py", line 4, in <module>
    import requests
ModuleNotFoundError: No module named 'requests'
Traceback (most recent call last):
  File "/home/shenghuali/reddog-scraper/track_injury_changes.py", line 4, in <module>
    import requests
ModuleNotFoundError: No module named 'requests'
Traceback (most recent call last):
  File "/home/shenghuali/reddog-scraper/track_injury_changes.py", line 4, in <module>
    import requests
ModuleNotFoundError: No module named 'requests'
Traceback (most recent call last):
  File "/home/shenghuali/reddog-scraper/track_injury_changes.py", line 4, in <module>
    import requests
ModuleNotFoundError: No module named 'requests'
Traceback (most recent call last):
  File "/home/shenghuali/reddog-scraper/track_injury_changes.py", line 4, in <module>
    import requests
ModuleNotFoundError: No module named 'requests'
Traceback (most recent call last):
  File "/home/shenghuali/reddog-scraper/track_injury_changes.py", line 4, in <module>
    import requests
ModuleNotFoundError: No module named 'requests'
Traceback (most recent call last):
  File "/home/shenghuali/reddog-scraper/track_injury_changes.py", line 4, in <module>
    import requests
ModuleNotFoundError: No module named 'requests'
Traceback (most recent call last):
  File "/home/shenghuali/reddog-scraper/track_injury_changes.py", line 4, in <module>
    import requests
ModuleNotFoundError: No module named 'requests'
Traceback (most recent call last):
  File "/home/shenghuali/reddog-scraper/track_injury_changes.py", line 4, in <module>
    import requests
ModuleNotFoundError: No module named 'requests'
Traceback (most recent call last):
  File "/home/shenghuali/reddog-scraper/track_injury_changes.py", line 4, in <module>
    import requests
ModuleNotFoundError: No module named 'requests'
Traceback (most recent call last):
  File "/home/shenghuali/reddog-scraper/track_injury_changes.py", line 4, in <module>
    import requests
ModuleNotFoundError: No module named 'requests'
Traceback (most recent call last):
  File "/home/shenghuali/reddog-scraper/track_injury_changes.py", line 4, in <module>
    import requests
ModuleNotFoundError: No module named 'requests'
Traceback (most recent call last):
  File "/home/shenghuali/reddog-scraper/track_injury_changes.py", line 4, in <module>
    import requests
ModuleNotFoundError: No module named 'requests'
Traceback (most recent call last):
  File "/home/shenghuali/reddog-scraper/track_injury_changes.py", line 4, in <module>
    import requests
ModuleNotFoundError: No module named 'requests'
Traceback (most recent call last):
  File "/home/shenghuali/reddog-scraper/track_injury_changes.py", line 4, in <module>
    import requests
ModuleNotFoundError: No module named 'requests'
Traceback (most recent call last):
  File "/home/shenghuali/reddog-scraper/track_injury_changes.py", line 4, in <module>
    import requests
ModuleNotFoundError: No module named 'requests'
Traceback (most recent call last):
  File "/home/shenghuali/reddog-scraper/track_injury_changes.py", line 4, in <module>
    import requests
ModuleNotFoundError: No module named 'requests'
Traceback (most recent call last):
  File "/home/shenghuali/reddog-scraper/track_injury_changes.py", line 4, in <module>
    import requests
ModuleNotFoundError: No module named 'requests'
Traceback (most recent call last):
  File "/home/shenghuali/reddog-scraper/track_injury_changes.py", line 4, in <module>
    import requests
ModuleNotFoundError: No module named 'requests'
Traceback (most recent call last):
  File "/home/shenghuali/reddog-scraper/track_injury_changes.py", line 4, in <module>
    import requests
ModuleNotFoundError: No module named 'requests'
Traceback (most recent call last):
  File "/home/shenghuali/reddog-scraper/track_injury_changes.py", line 4, in <module>
    import requests
ModuleNotFoundError: No module named 'requests'
Traceback (most recent call last):
  File "/home/shenghuali/reddog-scraper/track_injury_changes.py", line 4, in <module>
    import requests
ModuleNotFoundError: No module named 'requests'
Traceback (most recent call last):
  File "/home/shenghuali/reddog-scraper/track_injury_changes.py", line 4, in <module>
    import requests
ModuleNotFoundError: No module named 'requests'
Traceback (most recent call last):
  File "/home/shenghuali/reddog-scraper/track_injury_changes.py", line 4, in <module>
    import requests
ModuleNotFoundError: No module named 'requests'
Traceback (most recent call last):
  File "/home/shenghuali/reddog-scraper/track_injury_changes.py", line 4, in <module>
    import requests
ModuleNotFoundError: No module named 'requests'
Traceback (most recent call last):
  File "/home/shenghuali/reddog-scraper/track_injury_changes.py", line 4, in <module>
    import requests
ModuleNotFoundError: No module named 'requests'
Traceback (most recent call last):
  File "/home/shenghuali/reddog-scraper/track_injury_changes.py", line 4, in <module>
    import requests
ModuleNotFoundError: No module named 'requests'
Traceback (most recent call last):
  File "/home/shenghuali/reddog-scraper/track_injury_changes.py", line 4, in <module>
    import requests
ModuleNotFoundError: No module named 'requests'
Traceback (most recent call last):
  File "/home/shenghuali/reddog-scraper/track_injury_changes.py", line 4, in <module>
    import requests
ModuleNotFoundError: No module named 'requests'
Traceback (most recent call last):
  File "/home/shenghuali/reddog-scraper/track_injury_changes.py", line 4, in <module>
    import requests
ModuleNotFoundError: No module named 'requests'
Traceback (most recent call last):
  File "/home/shenghuali/reddog-scraper/track_injury_changes.py", line 4, in <module>
    import requests
ModuleNotFoundError: No module named 'requests'
Traceback (most recent call last):
  File "/home/shenghuali/reddog-scraper/track_injury_changes.py", line 4, in <module>
    import requests
ModuleNotFoundError: No module named 'requests'
Traceback (most recent call last):
  File "/home/shenghuali/reddog-scraper/track_injury_changes.py", line 4, in <module>
    import requests
ModuleNotFoundError: No module named 'requests'
Traceback (most recent call last):
  File "/home/shenghuali/reddog-scraper/track_injury_changes.py", line 4, in <module>
    import requests
ModuleNotFoundError: No module named 'requests'
Traceback (most recent call last):
  File "/home/shenghuali/reddog-scraper/track_injury_changes.py", line 4, in <module>
    import requests
ModuleNotFoundError: No module named 'requests'
Traceback (most recent call last):
  File "/home/shenghuali/reddog-scraper/track_injury_changes.py", line 4, in <module>
    import requests
ModuleNotFoundError: No module named 'requests'
Traceback (most recent call last):
  File "/home/shenghuali/reddog-scraper/track_injury_changes.py", line 4, in <module>
    import requests
ModuleNotFoundError: No module named 'requests'
Traceback (most recent call last):
  File "/home/shenghuali/reddog-scraper/track_injury_changes.py", line 4, in <module>
    import requests
ModuleNotFoundError: No module named 'requests'
Traceback (most recent call last):
  File "/home/shenghuali/reddog-scraper/track_injury_changes.py", line 4, in <module>
    import requests
ModuleNotFoundError: No module named 'requests'
Traceback (most recent call last):
  File "/home/shenghuali/reddog-scraper/track_injury_changes.py", line 4, in <module>
    import requests
ModuleNotFoundError: No module named 'requests'
Traceback (most recent call last):
  File "/home/shenghuali/reddog-scraper/track_injury_changes.py", line 4, in <module>
    import requests
ModuleNotFoundError: No module named 'requests'
Traceback (most recent call last):
  File "/home/shenghuali/reddog-scraper/track_injury_changes.py", line 4, in <module>
    import requests
ModuleNotFoundError: No module named 'requests'
Traceback (most recent call last):
  File "/home/shenghuali/reddog-scraper/track_injury_changes.py", line 4, in <module>
    import requests
ModuleNotFoundError: No module named 'requests'
Traceback (most recent call last):
  File "/home/shenghuali/reddog-scraper/track_injury_changes.py", line 4, in <module>
    import requests
ModuleNotFoundError: No module named 'requests'
Traceback (most recent call last):
  File "/home/shenghuali/reddog-scraper/track_injury_changes.py", line 4, in <module>
    import requests
ModuleNotFoundError: No module named 'requests'
Traceback (most recent call last):
  File "/home/shenghuali/reddog-scraper/track_injury_changes.py", line 4, in <module>
    import requests
ModuleNotFoundError: No module named 'requests'
Traceback (most recent call last):
  File "/home/shenghuali/reddog-scraper/track_injury_changes.py", line 4, in <module>
    import requests
ModuleNotFoundError: No module named 'requests'
Traceback (most recent call last):
  File "/home/shenghuali/reddog-scraper/track_injury_changes.py", line 4, in <module>
    import requests
ModuleNotFoundError: No module named 'requests'
Traceback (most recent call last):
  File "/home/shenghuali/reddog-scraper/track_injury_changes.py", line 4, in <module>
    import requests
ModuleNotFoundError: No module named 'requests'
Traceback (most recent call last):
  File "/home/shenghuali/reddog-scraper/track_injury_changes.py", line 4, in <module>
    import requests
ModuleNotFoundError: No module named 'requests'
Traceback (most recent call last):
  File "/home/shenghuali/reddog-scraper/track_injury_changes.py", line 4, in <module>
    import requests
ModuleNotFoundError: No module named 'requests'
Traceback (most recent call last):
  File "/home/shenghuali/reddog-scraper/track_injury_changes.py", line 4, in <module>
    import requests
ModuleNotFoundError: No module named 'requests'
Traceback (most recent call last):
  File "/home/shenghuali/reddog-scraper/track_injury_changes.py", line 4, in <module>
    import requests
ModuleNotFoundError: No module named 'requests'
Traceback (most recent call last):
  File "/home/shenghuali/reddog-scraper/track_injury_changes.py", line 4, in <module>
    import requests
ModuleNotFoundError: No module named 'requests'
Traceback (most recent call last):
  File "/home/shenghuali/reddog-scraper/track_injury_changes.py", line 4, in <module>
    import requests
ModuleNotFoundError: No module named 'requests'
Traceback (most recent call last):
  File "/home/shenghuali/reddog-scraper/track_injury_changes.py", line 4, in <module>
    import requests
ModuleNotFoundError: No module named 'requests'
Traceback (most recent call last):
  File "/home/shenghuali/reddog-scraper/track_injury_changes.py", line 4, in <module>
    import requests
ModuleNotFoundError: No module named 'requests'
Traceback (most recent call last):
  File "/home/shenghuali/reddog-scraper/track_injury_changes.py", line 4, in <module>
    import requests
ModuleNotFoundError: No module named 'requests'
Traceback (most recent call last):
  File "/home/shenghuali/reddog-scraper/track_injury_changes.py", line 4, in <module>
    import requests
ModuleNotFoundError: No module named 'requests'
Traceback (most recent call last):
  File "/home/shenghuali/reddog-scraper/track_injury_changes.py", line 4, in <module>
    import requests
ModuleNotFoundError: No module named 'requests'
Traceback (most recent call last):
  File "/home/shenghuali/reddog-scraper/track_injury_changes.py", line 4, in <module>
    import requests
ModuleNotFoundError: No module named 'requests'
Traceback (most recent call last):
  File "/home/shenghuali/reddog-scraper/track_injury_changes.py", line 4, in <module>
    import requests
ModuleNotFoundError: No module named 'requests'
Traceback (most recent call last):
  File "/home/shenghuali/reddog-scraper/track_injury_changes.py", line 4, in <module>
    import requests
ModuleNotFoundError: No module named 'requests'
Traceback (most recent call last):
  File "/home/shenghuali/reddog-scraper/track_injury_changes.py", line 4, in <module>
    import requests
ModuleNotFoundError: No module named 'requests'
Traceback (most recent call last):
  File "/home/shenghuali/reddog-scraper/track_injury_changes.py", line 4, in <module>
    import requests
ModuleNotFoundError: No module named 'requests'
