已输出: nba injury/nba-injury_2026-03-10.csv 共114行
已输出: nba-injury-latest.csv 共114行
已输出: nba injury/nba-injury_2026-03-11.csv 共112行
已输出: nba-injury-latest.csv 共112行
已删除旧文件: 1个
已输出: nba injury/nba-injury_2026-03-11.csv 共115行
已输出: nba-injury-latest.csv 共115行
已输出: nba injury/nba-injury_2026-03-12.csv 共129行
已输出: nba-injury-latest.csv 共129行
已删除旧文件: 1个
已输出: nba injury/nba-injury_2026-03-12.csv 共132行
已输出: nba-injury-latest.csv 共132行
已输出: nba injury/nba-injury_2026-03-13.csv 共122行
已输出: nba-injury-latest.csv 共122行
已删除旧文件: 1个
已输出: nba injury/nba-injury_2026-03-13.csv 共136行
已输出: nba-injury-latest.csv 共136行
已输出: nba injury/nba-injury_2026-03-14.csv 共127行
已输出: nba-injury-latest.csv 共127行
已删除旧文件: 1个
已输出: nba injury/nba-injury_2026-03-14.csv 共119行
已输出: nba-injury-latest.csv 共119行
已输出: nba injury/nba-injury_2026-03-15.csv 共127行
已输出: nba-injury-latest.csv 共127行
已删除旧文件: 1个
已输出: nba injury/nba-injury_2026-03-16.csv 共116行
已输出: nba-injury-latest.csv 共116行
已删除旧文件: 1个
Traceback (most recent call last):
  File "/data/reddog-scraper/nba-injury.py", line 170, in <module>
    main()
  File "/data/reddog-scraper/nba-injury.py", line 159, in main
    html = fetch_html()
           ^^^^^^^^^^^^
  File "/data/reddog-scraper/nba-injury.py", line 63, in fetch_html
    browser = p.chromium.launch(headless=True)
              ^^^^^^^^^^^^^^^^^^^^^^^^^^^^^^^^
  File "/home/node/.local/lib/python3.11/site-packages/playwright/sync_api/_generated.py", line 14566, in launch
    self._sync(
  File "/home/node/.local/lib/python3.11/site-packages/playwright/_impl/_sync_base.py", line 115, in _sync
    return task.result()
           ^^^^^^^^^^^^^
  File "/home/node/.local/lib/python3.11/site-packages/playwright/_impl/_browser_type.py", line 97, in launch
    await self._channel.send(
  File "/home/node/.local/lib/python3.11/site-packages/playwright/_impl/_connection.py", line 69, in send
    return await self._connection.wrap_api_call(
           ^^^^^^^^^^^^^^^^^^^^^^^^^^^^^^^^^^^^^
  File "/home/node/.local/lib/python3.11/site-packages/playwright/_impl/_connection.py", line 559, in wrap_api_call
    raise rewrite_error(error, f"{parsed_st['apiName']}: {error}") from None
playwright._impl._errors.TargetClosedError: BrowserType.launch: Target page, context or browser has been closed
Browser logs:

<launching> /home/node/.cache/ms-playwright/chromium_headless_shell-1208/chrome-headless-shell-linux64/chrome-headless-shell --disable-field-trial-config --disable-background-networking --disable-background-timer-throttling --disable-backgrounding-occluded-windows --disable-back-forward-cache --disable-breakpad --disable-client-side-phishing-detection --disable-component-extensions-with-background-pages --disable-component-update --no-default-browser-check --disable-default-apps --disable-dev-shm-usage --disable-extensions --disable-features=AvoidUnnecessaryBeforeUnloadCheckSync,BoundaryEventDispatchTracksNodeRemoval,DestroyProfileOnBrowserClose,DialMediaRouteProvider,GlobalMediaControls,HttpsUpgrades,LensOverlay,MediaRouter,PaintHolding,ThirdPartyStoragePartitioning,Translate,AutoDeElevate,RenderDocument,OptimizationHints --enable-features=CDPScreenshotNewSurface --allow-pre-commit-input --disable-hang-monitor --disable-ipc-flooding-protection --disable-popup-blocking --disable-prompt-on-repost --disable-renderer-backgrounding --force-color-profile=srgb --metrics-recording-only --no-first-run --password-store=basic --use-mock-keychain --no-service-autorun --export-tagged-pdf --disable-search-engine-choice-screen --unsafely-disable-devtools-self-xss-warnings --edge-skip-compat-layer-relaunch --enable-automation --disable-infobars --disable-search-engine-choice-screen --disable-sync --enable-unsafe-swiftshader --headless --hide-scrollbars --mute-audio --blink-settings=primaryHoverType=2,availableHoverTypes=2,primaryPointerType=4,availablePointerTypes=4 --no-sandbox --user-data-dir=/tmp/playwright_chromiumdev_profile-Ru4e8Q --remote-debugging-pipe --no-startup-window
<launched> pid=11429
[pid=11429][err] /home/node/.cache/ms-playwright/chromium_headless_shell-1208/chrome-headless-shell-linux64/chrome-headless-shell: error while loading shared libraries: libnspr4.so: cannot open shared object file: No such file or directory
Call log:
  - <launching> /home/node/.cache/ms-playwright/chromium_headless_shell-1208/chrome-headless-shell-linux64/chrome-headless-shell --disable-field-trial-config --disable-background-networking --disable-background-timer-throttling --disable-backgrounding-occluded-windows --disable-back-forward-cache --disable-breakpad --disable-client-side-phishing-detection --disable-component-extensions-with-background-pages --disable-component-update --no-default-browser-check --disable-default-apps --disable-dev-shm-usage --disable-extensions --disable-features=AvoidUnnecessaryBeforeUnloadCheckSync,BoundaryEventDispatchTracksNodeRemoval,DestroyProfileOnBrowserClose,DialMediaRouteProvider,GlobalMediaControls,HttpsUpgrades,LensOverlay,MediaRouter,PaintHolding,ThirdPartyStoragePartitioning,Translate,AutoDeElevate,RenderDocument,OptimizationHints --enable-features=CDPScreenshotNewSurface --allow-pre-commit-input --disable-hang-monitor --disable-ipc-flooding-protection --disable-popup-blocking --disable-prompt-on-repost --disable-renderer-backgrounding --force-color-profile=srgb --metrics-recording-only --no-first-run --password-store=basic --use-mock-keychain --no-service-autorun --export-tagged-pdf --disable-search-engine-choice-screen --unsafely-disable-devtools-self-xss-warnings --edge-skip-compat-layer-relaunch --enable-automation --disable-infobars --disable-search-engine-choice-screen --disable-sync --enable-unsafe-swiftshader --headless --hide-scrollbars --mute-audio --blink-settings=primaryHoverType=2,availableHoverTypes=2,primaryPointerType=4,availablePointerTypes=4 --no-sandbox --user-data-dir=/tmp/playwright_chromiumdev_profile-Ru4e8Q --remote-debugging-pipe --no-startup-window
  - <launched> pid=11429
  - [pid=11429][err] /home/node/.cache/ms-playwright/chromium_headless_shell-1208/chrome-headless-shell-linux64/chrome-headless-shell: error while loading shared libraries: libnspr4.so: cannot open shared object file: No such file or directory
  - [pid=11429] <gracefully close start>
  - [pid=11429] <kill>
  - [pid=11429] <will force kill>
  - [pid=11429] exception while trying to kill process: Error: kill ESRCH
  - [pid=11429] <process did exit: exitCode=127, signal=null>
  - [pid=11429] starting temporary directories cleanup
  - [pid=11429] finished temporary directories cleanup
  - [pid=11429] <gracefully close end>

