
--- 2026-03-17 04:00:08 ---
[SPREAD] BKN vs POR: 10.0 -> 10.5 (+0.5)
[SPREAD] CHI vs MEM: -6.0 -> -7.0 (-1.0)
[TOTAL] NOP vs DAL: 239.0 -> 240.5 (+1.5)
[SPREAD] LAC vs SAS: 9.0 -> 8.5 (-0.5)
[TOTAL] LAC vs SAS: 232.5 -> 233.5 (+1.0)

--- 2026-03-17 06:00:06 ---
[SPREAD] BOS vs PHX: -8.5 -> -9.0 (-0.5)
[SPREAD] NOP vs DAL: -8.5 -> -9.0 (-0.5)

--- 2026-03-17 07:35:05 ---
[TOTAL] ATL vs ORL: 231.5 -> 231.0 (-0.5)
[TOTAL] WAS vs GSW: 231.5 -> 233.0 (+1.5)
[TOTAL] BOS vs PHX: 214.0 -> 214.5 (+0.5)
[SPREAD] HOU vs LAL: -2.5 -> -2.0 (+0.5)
[TOTAL] HOU vs LAL: 226.5 -> 225.0 (-1.5)
[SPREAD] LAC vs SAS: 8.5 -> 8.0 (-0.5)

--- 2026-03-17 08:00:08 ---
[SPREAD] ATL vs ORL: -3.0 -> -3.5 (-0.5)
[TOTAL] BOS vs PHX: 214.5 -> 216.0 (+1.5)

--- 2026-03-17 10:00:08 ---
[TOTAL] ATL vs ORL: 231.0 -> 231.5 (+0.5)
[TOTAL] WAS vs GSW: 233.0 -> 234.0 (+1.0)
[SPREAD] BKN vs POR: 10.5 -> 11.0 (+0.5)
[TOTAL] BOS vs PHX: 216.0 -> 216.5 (+0.5)
[SPREAD] CHI vs MEM: -7.0 -> -6.5 (+0.5)
[TOTAL] NOP vs DAL: 240.5 -> 241.0 (+0.5)
[TOTAL] HOU vs LAL: 225.0 -> 224.5 (-0.5)
[TOTAL] LAC vs SAS: 233.5 -> 234.0 (+0.5)

--- 2026-03-17 10:15:11 ---
[TOTAL] ATL vs ORL: 231.5 -> 232.0 (+0.5)
[TOTAL] WAS vs GSW: 234.0 -> 234.5 (+0.5)
[TOTAL] CHI vs MEM: 243.0 -> 243.5 (+0.5)
[SPREAD] HOU vs LAL: -2.0 -> -1.0 (+1.0)

--- 2026-03-17 12:00:10 ---
[TOTAL] BKN vs POR: 221.5 -> 221.0 (-0.5)
[SPREAD] CHI vs MEM: -6.5 -> -7.5 (-1.0)
[SPREAD] NOP vs DAL: -9.0 -> -8.5 (+0.5)
[TOTAL] NOP vs DAL: 241.0 -> 240.5 (-0.5)
[SPREAD] HOU vs LAL: -1.0 -> 1.0 (+2.0)
[TOTAL] HOU vs LAL: 224.5 -> 223.0 (-1.5)

--- 2026-03-18 02:00:10 ---
[TOTAL] WAS vs DET: 234.5 -> 233.0 (-1.5)
[SPREAD] NYK vs IND: -16.5 -> -15.5 (+1.0)
[TOTAL] NYK vs IND: 224.0 -> 223.5 (-0.5)
[TOTAL] MIN vs PHX: 221.5 -> 222.0 (+0.5)
[SPREAD] DEN vs PHI: -14.5 -> -15.5 (-1.0)
[TOTAL] SAC vs SAS: 235.5 -> 236.5 (+1.0)

--- 2026-03-18 04:00:09 ---
[SPREAD] CHA vs MIA: -4.0 -> -5.5 (-1.5)
[TOTAL] CHA vs MIA: 233.5 -> 234.5 (+1.0)
[TOTAL] WAS vs DET: 233.0 -> 232.5 (-0.5)
[SPREAD] NYK vs IND: -15.5 -> -14.5 (+1.0)
[TOTAL] NYK vs IND: 223.5 -> 221.5 (-2.0)
[SPREAD] MIN vs PHX: -4.0 -> -3.5 (+0.5)
[TOTAL] MIN vs PHX: 222.0 -> 221.5 (-0.5)
[TOTAL] DEN vs PHI: 235.5 -> 236.0 (+0.5)

--- 2026-03-18 06:00:10 ---
[SPREAD] WAS vs DET: 18.0 -> 19.5 (+1.5)
[TOTAL] MIL vs CLE: 229.0 -> 227.5 (-1.5)
[TOTAL] DEN vs PHI: 236.0 -> 236.5 (+0.5)

--- 2026-03-18 08:00:13 ---
[TOTAL] CHA vs MIA: 234.5 -> 235.0 (+0.5)
[TOTAL] ORL vs OKC: 223.0 -> 223.5 (+0.5)
[SPREAD] MIL vs CLE: 10.5 -> 11.0 (+0.5)
[TOTAL] MIL vs CLE: 227.5 -> 226.5 (-1.0)

--- 2026-03-18 10:00:08 ---
[SPREAD] CHA vs MIA: -5.5 -> -5.0 (+0.5)
[TOTAL] CHA vs MIA: 235.0 -> 236.5 (+1.5)
[TOTAL] ORL vs OKC: 223.5 -> 224.5 (+1.0)
[SPREAD] NYK vs IND: -14.5 -> -13.5 (+1.0)
[SPREAD] MIL vs CLE: 11.0 -> 12.5 (+1.5)
[TOTAL] MIL vs CLE: 226.5 -> 225.0 (-1.5)
[TOTAL] SAC vs SAS: 236.5 -> 235.5 (-1.0)

--- 2026-03-18 14:00:08 ---
[SPREAD] DEN vs PHI: -16.0 -> -15.5 (+0.5)
[TOTAL] DEN vs PHI: 236.5 -> 236.0 (-0.5)
[TOTAL] SAC vs SAS: 235.5 -> 233.5 (-2.0)

--- 2026-03-19 02:00:09 ---
[SPREAD] BOS vs GSW: -12.5 -> -11.5 (+1.0)
[SPREAD] IND vs POR: 10.5 -> 11.5 (+1.0)
[TOTAL] CHI vs TOR: 234.5 -> 234.0 (-0.5)
[TOTAL] MIN vs UTA: 231.5 -> 230.5 (-1.0)
[TOTAL] NOP vs LAC: 234.5 -> 234.0 (-0.5)
[SPREAD] DAL vs ATL: 8.0 -> 8.5 (+0.5)
[TOTAL] MEM vs DEN: 242.5 -> 244.0 (+1.5)

--- 2026-03-19 04:00:09 ---
[SPREAD] BKN vs OKC: 19.5 -> 18.5 (-1.0)
[TOTAL] CHI vs TOR: 234.0 -> 234.5 (+0.5)
[SPREAD] NOP vs LAC: -2.0 -> -2.5 (-0.5)
[TOTAL] NOP vs LAC: 234.0 -> 233.5 (-0.5)
[TOTAL] DAL vs ATL: 238.0 -> 238.5 (+0.5)
[TOTAL] HOU vs LAL: 222.0 -> 222.5 (+0.5)

--- 2026-03-19 06:00:10 ---
[SPREAD] BOS vs GSW: -11.5 -> -12.5 (-1.0)
[SPREAD] BKN vs OKC: 18.5 -> 18.0 (-0.5)
[TOTAL] BKN vs OKC: 213.5 -> 214.0 (+0.5)
[SPREAD] IND vs POR: 11.5 -> 13.0 (+1.5)
[TOTAL] IND vs POR: 232.5 -> 231.5 (-1.0)
[SPREAD] CHI vs TOR: 7.5 -> 7.0 (-0.5)
[TOTAL] CHI vs TOR: 234.5 -> 234.0 (-0.5)
[SPREAD] NOP vs LAC: -2.5 -> -2.0 (+0.5)
[TOTAL] NOP vs LAC: 233.5 -> 234.5 (+1.0)
[TOTAL] MEM vs DEN: 244.0 -> 244.5 (+0.5)
[SPREAD] HOU vs LAL: -2.5 -> -1.5 (+1.0)

--- 2026-03-19 08:00:10 ---
[SPREAD] BOS vs GSW: -12.5 -> -12.0 (+0.5)
[TOTAL] BOS vs GSW: 216.5 -> 217.0 (+0.5)
[SPREAD] BKN vs OKC: 18.0 -> 18.5 (+0.5)
[TOTAL] CHI vs TOR: 234.0 -> 235.0 (+1.0)
[SPREAD] NOP vs LAC: -2.0 -> -1.5 (+0.5)
[TOTAL] NOP vs LAC: 234.5 -> 236.5 (+2.0)
[TOTAL] MEM vs DEN: 244.5 -> 247.0 (+2.5)

--- 2026-03-19 10:00:09 ---
[SPREAD] BOS vs GSW: -12.0 -> -11.5 (+0.5)
[TOTAL] BOS vs GSW: 217.0 -> 216.0 (-1.0)
[SPREAD] BKN vs OKC: 18.5 -> 19.0 (+0.5)
[TOTAL] BKN vs OKC: 214.0 -> 214.5 (+0.5)
[SPREAD] IND vs POR: 13.0 -> 12.5 (-0.5)
[TOTAL] CHI vs TOR: 235.0 -> 236.5 (+1.5)
[SPREAD] MIN vs UTA: -13.5 -> -13.0 (+0.5)
[SPREAD] NOP vs LAC: -1.5 -> 2.0 (+3.5)

--- 2026-03-19 12:00:11 ---
[TOTAL] BKN vs OKC: 214.5 -> 215.5 (+1.0)
[SPREAD] IND vs POR: 12.5 -> 12.0 (-0.5)
[TOTAL] IND vs POR: 231.5 -> 232.5 (+1.0)
[SPREAD] CHI vs TOR: 7.0 -> 7.5 (+0.5)
[TOTAL] CHI vs TOR: 236.5 -> 237.0 (+0.5)
[TOTAL] MIN vs UTA: 230.5 -> 231.5 (+1.0)
[TOTAL] NOP vs LAC: 236.5 -> 238.0 (+1.5)
[SPREAD] DAL vs ATL: 8.5 -> 8.0 (-0.5)
[TOTAL] DAL vs ATL: 238.5 -> 239.0 (+0.5)
[SPREAD] MEM vs DEN: 13.0 -> 12.5 (-0.5)
[SPREAD] HOU vs LAL: -1.5 -> -2.0 (-0.5)
